2025-03-31T15:27:15.804Z|info : amplify add auth  
2025-03-31T15:27:15.846Z|info : @aws-amplify/amplify-cli-core.banner-message/index.ts.fetch banner messages from https://aws-amplify.github.io/amplify-cli/banner-message.json({}
2025-03-31T15:28:01.069Z|info : amplify update auth  
2025-03-31T15:28:01.108Z|info : @aws-amplify/amplify-cli-core.banner-message/index.ts.fetch banner messages from https://aws-amplify.github.io/amplify-cli/banner-message.json({}
2025-03-31T15:30:54.628Z|info : amplify push core  
2025-03-31T15:30:54.670Z|info : @aws-amplify/amplify-cli-core.banner-message/index.ts.fetch banner messages from https://aws-amplify.github.io/amplify-cli/banner-message.json({}
2025-03-31T15:30:57.488Z|info : amplify-provider-awscloudformation.system-config-manager.getProfileConfig(["default"])
2025-03-31T15:30:57.489Z|info : amplify-provider-awscloudformation.system-config-manager.getProfiledAwsConfig.profileConfig([{"region":"ap-northeast-1","output":"json"}])
2025-03-31T15:30:57.490Z|info : amplify-provider-awscloudformation.system-config-manager.getProfileCredentials(["default"])
2025-03-31T15:30:57.496Z|info : amplify-provider-awscloudformation.zip-util.downloadZip.s3.getFile([{"Key":"[***]rent-[***]ud-[***]d.zip"},null])
2025-03-31T15:30:57.497Z|info : amplify-provider-awscloudformation.aws-s3.s3.getFile([{"Key":"[***]rent-[***]ud-[***]d.zip","Bucket":"[***]ify-[***]ama-[***]ev-[***]77-[***]ment"}])
2025-03-31T15:30:57.951Z|info : amplify-provider-awscloudformation.initialize-env.run.cfn.updateamplifyMetaFileWithStackOutputs([{"StackName":"[***]ify-[***]ama-[***]ev-[***]77"}])
2025-03-31T15:30:57.953Z|info : amplify-provider-awscloudformation.system-config-manager.getProfileConfig(["default"])
2025-03-31T15:30:57.953Z|info : amplify-provider-awscloudformation.system-config-manager.getProfiledAwsConfig.profileConfig([{"region":"ap-northeast-1","output":"json"}])
2025-03-31T15:30:57.953Z|info : amplify-provider-awscloudformation.system-config-manager.getProfileCredentials(["default"])
2025-03-31T15:30:57.958Z|info : amplify-provider-awscloudformation.aws-cfn.updateamplifyMetaFileWithStackOutputs.cfn.listStackResources([{"StackName":"[***]ify-[***]ama-[***]ev-[***]77"}])
2025-03-31T15:30:58.360Z|info : amplify-provider-awscloudformation.aws-cfn.describeStack.cfn.describeStacks([{"StackName":"[***]ify-[***]ama-[***]ev-[***]77"}])
2025-03-31T15:30:58.535Z|info : amplify-provider-awscloudformation.aws-cfn.describeStack.cfn.describeStacks([{"StackName":"[***]rmation:ap-[***]east-[***]41:stack/[***]ify-[***]ama-[***]ev-[***]77-[***]yama-[***]S554IO/[***]aa00-[***]bc-[***]f0-[***]79-[***]4f7df"}])
2025-03-31T15:30:58.536Z|info : amplify-provider-awscloudformation.aws-cfn.describeStack.cfn.describeStacks([{"StackName":"[***]rmation:ap-[***]east-[***]41:stack/[***]ify-[***]ama-[***]ev-[***]77-[***]9dbd4c2a-[***]A3GZ4H/[***]83f0-[***]ba-[***]f0-[***]06-[***]b9193"}])
2025-03-31T15:30:58.717Z|info : amplify-provider-awscloudformation.aws-s3.s3.getFile([{"Key":"[***]ify-[***]json","Bucket":"[***]ify-[***]ama-[***]ev-[***]77-[***]ment"}])
2025-03-31T15:31:00.121Z|info : amplify-provider-awscloudformation.system-config-manager.getProfileConfig(["default"])
2025-03-31T15:31:00.122Z|info : amplify-provider-awscloudformation.system-config-manager.getProfiledAwsConfig.profileConfig([{"region":"ap-northeast-1","output":"json"}])
2025-03-31T15:31:00.122Z|info : amplify-provider-awscloudformation.system-config-manager.getProfileCredentials(["default"])
2025-03-31T15:31:00.474Z|info : amplify-provider-awscloudformation.system-config-manager.getProfileConfig(["default"])
2025-03-31T15:31:00.475Z|info : amplify-provider-awscloudformation.system-config-manager.getProfiledAwsConfig.profileConfig([{"region":"ap-northeast-1","output":"json"}])
2025-03-31T15:31:00.475Z|info : amplify-provider-awscloudformation.system-config-manager.getProfileCredentials(["default"])
2025-03-31T15:37:38.934Z|info : amplify push core  
2025-03-31T15:37:38.975Z|info : @aws-amplify/amplify-cli-core.banner-message/index.ts.fetch banner messages from https://aws-amplify.github.io/amplify-cli/banner-message.json({}
2025-03-31T15:37:41.930Z|info : amplify-provider-awscloudformation.system-config-manager.getProfileConfig(["default"])
2025-03-31T15:37:41.931Z|info : amplify-provider-awscloudformation.system-config-manager.getProfiledAwsConfig.profileConfig([{"region":"ap-northeast-1","output":"json"}])
2025-03-31T15:37:41.931Z|info : amplify-provider-awscloudformation.system-config-manager.getProfileCredentials(["default"])
2025-03-31T15:37:41.936Z|info : amplify-provider-awscloudformation.zip-util.downloadZip.s3.getFile([{"Key":"[***]rent-[***]ud-[***]d.zip"},null])
2025-03-31T15:37:41.937Z|info : amplify-provider-awscloudformation.aws-s3.s3.getFile([{"Key":"[***]rent-[***]ud-[***]d.zip","Bucket":"[***]ify-[***]ama-[***]ev-[***]77-[***]ment"}])
2025-03-31T15:37:42.330Z|info : amplify-provider-awscloudformation.initialize-env.run.cfn.updateamplifyMetaFileWithStackOutputs([{"StackName":"[***]ify-[***]ama-[***]ev-[***]77"}])
2025-03-31T15:37:42.332Z|info : amplify-provider-awscloudformation.system-config-manager.getProfileConfig(["default"])
2025-03-31T15:37:42.332Z|info : amplify-provider-awscloudformation.system-config-manager.getProfiledAwsConfig.profileConfig([{"region":"ap-northeast-1","output":"json"}])
2025-03-31T15:37:42.332Z|info : amplify-provider-awscloudformation.system-config-manager.getProfileCredentials(["default"])
2025-03-31T15:37:42.337Z|info : amplify-provider-awscloudformation.aws-cfn.updateamplifyMetaFileWithStackOutputs.cfn.listStackResources([{"StackName":"[***]ify-[***]ama-[***]ev-[***]77"}])
2025-03-31T15:37:42.519Z|info : amplify-provider-awscloudformation.aws-cfn.describeStack.cfn.describeStacks([{"StackName":"[***]ify-[***]ama-[***]ev-[***]77"}])
2025-03-31T15:37:42.654Z|info : amplify-provider-awscloudformation.aws-cfn.describeStack.cfn.describeStacks([{"StackName":"[***]rmation:ap-[***]east-[***]41:stack/[***]ify-[***]ama-[***]ev-[***]77-[***]yama-[***]S554IO/[***]aa00-[***]bc-[***]f0-[***]79-[***]4f7df"}])
2025-03-31T15:37:42.656Z|info : amplify-provider-awscloudformation.aws-cfn.describeStack.cfn.describeStacks([{"StackName":"[***]rmation:ap-[***]east-[***]41:stack/[***]ify-[***]ama-[***]ev-[***]77-[***]9dbd4c2a-[***]A3GZ4H/[***]83f0-[***]ba-[***]f0-[***]06-[***]b9193"}])
2025-03-31T15:37:42.811Z|info : amplify-provider-awscloudformation.aws-s3.s3.getFile([{"Key":"[***]ify-[***]json","Bucket":"[***]ify-[***]ama-[***]ev-[***]77-[***]ment"}])
2025-03-31T15:37:44.041Z|info : amplify-provider-awscloudformation.system-config-manager.getProfileConfig(["default"])
2025-03-31T15:37:44.042Z|info : amplify-provider-awscloudformation.system-config-manager.getProfiledAwsConfig.profileConfig([{"region":"ap-northeast-1","output":"json"}])
2025-03-31T15:37:44.042Z|info : amplify-provider-awscloudformation.system-config-manager.getProfileCredentials(["default"])
2025-03-31T15:37:44.407Z|info : amplify-provider-awscloudformation.system-config-manager.getProfileConfig(["default"])
2025-03-31T15:37:44.407Z|info : amplify-provider-awscloudformation.system-config-manager.getProfiledAwsConfig.profileConfig([{"region":"ap-northeast-1","output":"json"}])
2025-03-31T15:37:44.407Z|info : amplify-provider-awscloudformation.system-config-manager.getProfileCredentials(["default"])
2025-03-31T15:48:50.137Z|info : amplify status core  {"yes":false}
2025-03-31T15:48:50.176Z|info : @aws-amplify/amplify-cli-core.banner-message/index.ts.fetch banner messages from https://aws-amplify.github.io/amplify-cli/banner-message.json({}
2025-03-31T15:48:52.266Z|info : amplify-provider-awscloudformation.display-helpful-urls.showCognitoSandBoxMessage(["potyama9dbd4c2a"])
2025-03-31T15:53:57.986Z|info : amplify status core  {"api":true,"yes":false}
2025-03-31T15:53:58.025Z|info : @aws-amplify/amplify-cli-core.banner-message/index.ts.fetch banner messages from https://aws-amplify.github.io/amplify-cli/banner-message.json({}
2025-03-31T15:54:00.043Z|info : amplify-provider-awscloudformation.display-helpful-urls.showCognitoSandBoxMessage(["potyama9dbd4c2a"])
2025-03-31T15:54:02.657Z|info : amplify status core  {"auth":true,"yes":false}
2025-03-31T15:54:02.694Z|info : @aws-amplify/amplify-cli-core.banner-message/index.ts.fetch banner messages from https://aws-amplify.github.io/amplify-cli/banner-message.json({}
2025-03-31T15:54:04.676Z|info : amplify-provider-awscloudformation.display-helpful-urls.showCognitoSandBoxMessage(["potyama9dbd4c2a"])
2025-03-31T15:57:45.312Z|info : amplify pull core  {"restore":true,"yes":false}
2025-03-31T15:57:45.346Z|info : @aws-amplify/amplify-cli-core.banner-message/index.ts.fetch banner messages from https://aws-amplify.github.io/amplify-cli/banner-message.json({}
2025-03-31T15:57:46.929Z|error : Creating a nested amplify project is not supported
NestedProjectInitError: Creating a nested amplify project is not supported
