2025-03-28T03:20:10.932Z|info : amplify add auth  
2025-03-28T03:20:10.995Z|info : @aws-amplify/amplify-cli-core.banner-message/index.ts.fetch banner messages from https://aws-amplify.github.io/amplify-cli/banner-message.json({}
2025-03-28T03:20:45.950Z|info : amplify push core  
2025-03-28T03:20:45.992Z|info : @aws-amplify/amplify-cli-core.banner-message/index.ts.fetch banner messages from https://aws-amplify.github.io/amplify-cli/banner-message.json({}
2025-03-28T03:20:53.888Z|info : amplify-provider-awscloudformation.system-config-manager.getProfileConfig(["default"])
2025-03-28T03:20:53.890Z|info : amplify-provider-awscloudformation.system-config-manager.getProfiledAwsConfig.profileConfig([{"region":"ap-northeast-1"}])
2025-03-28T03:20:53.890Z|info : amplify-provider-awscloudformation.system-config-manager.getProfileCredentials(["default"])
2025-03-28T03:20:53.897Z|info : amplify-provider-awscloudformation.zip-util.downloadZip.s3.getFile([{"Key":"[***]rent-[***]ud-[***]d.zip"},null])
2025-03-28T03:20:53.898Z|info : amplify-provider-awscloudformation.aws-s3.s3.getFile([{"Key":"[***]rent-[***]ud-[***]d.zip","Bucket":"[***]ify-[***]ama-[***]ev-[***]77-[***]ment"}])
2025-03-28T03:20:54.503Z|info : amplify-provider-awscloudformation.initialize-env.run.cfn.updateamplifyMetaFileWithStackOutputs([{"StackName":"[***]ify-[***]ama-[***]ev-[***]77"}])
2025-03-28T03:20:54.506Z|info : amplify-provider-awscloudformation.system-config-manager.getProfileConfig(["default"])
2025-03-28T03:20:54.506Z|info : amplify-provider-awscloudformation.system-config-manager.getProfiledAwsConfig.profileConfig([{"region":"ap-northeast-1"}])
2025-03-28T03:20:54.506Z|info : amplify-provider-awscloudformation.system-config-manager.getProfileCredentials(["default"])
2025-03-28T03:20:54.512Z|info : amplify-provider-awscloudformation.aws-cfn.updateamplifyMetaFileWithStackOutputs.cfn.listStackResources([{"StackName":"[***]ify-[***]ama-[***]ev-[***]77"}])
2025-03-28T03:20:54.827Z|info : amplify-provider-awscloudformation.aws-cfn.describeStack.cfn.describeStacks([{"StackName":"[***]ify-[***]ama-[***]ev-[***]77"}])
2025-03-28T03:20:54.989Z|info : amplify-provider-awscloudformation.aws-cfn.describeStack.cfn.describeStacks([{"StackName":"[***]rmation:ap-[***]east-[***]41:stack/[***]ify-[***]ama-[***]ev-[***]77-[***]yama-[***]S554IO/[***]aa00-[***]bc-[***]f0-[***]79-[***]4f7df"}])
2025-03-28T03:20:54.990Z|info : amplify-provider-awscloudformation.aws-cfn.describeStack.cfn.describeStacks([{"StackName":"[***]rmation:ap-[***]east-[***]41:stack/[***]ify-[***]ama-[***]ev-[***]77-[***]9dbd4c2a-[***]A3GZ4H/[***]83f0-[***]ba-[***]f0-[***]06-[***]b9193"}])
2025-03-28T03:20:55.175Z|info : amplify-provider-awscloudformation.aws-s3.s3.getFile([{"Key":"[***]ify-[***]json","Bucket":"[***]ify-[***]ama-[***]ev-[***]77-[***]ment"}])
2025-03-28T03:20:56.742Z|info : amplify-provider-awscloudformation.system-config-manager.getProfileConfig(["default"])
2025-03-28T03:20:56.742Z|info : amplify-provider-awscloudformation.system-config-manager.getProfiledAwsConfig.profileConfig([{"region":"ap-northeast-1"}])
2025-03-28T03:20:56.742Z|info : amplify-provider-awscloudformation.system-config-manager.getProfileCredentials(["default"])
2025-03-28T03:20:57.514Z|info : amplify-provider-awscloudformation.system-config-manager.getProfileConfig(["default"])
2025-03-28T03:20:57.515Z|info : amplify-provider-awscloudformation.system-config-manager.getProfiledAwsConfig.profileConfig([{"region":"ap-northeast-1"}])
2025-03-28T03:20:57.515Z|info : amplify-provider-awscloudformation.system-config-manager.getProfileCredentials(["default"])
2025-03-28T03:22:00.930Z|info : amplify push core  {"yes":true}
2025-03-28T03:22:00.971Z|info : @aws-amplify/amplify-cli-core.banner-message/index.ts.fetch banner messages from https://aws-amplify.github.io/amplify-cli/banner-message.json({}
2025-03-28T03:22:03.960Z|info : amplify-provider-awscloudformation.system-config-manager.getProfileConfig(["default"])
2025-03-28T03:22:03.961Z|info : amplify-provider-awscloudformation.system-config-manager.getProfiledAwsConfig.profileConfig([{"region":"ap-northeast-1"}])
2025-03-28T03:22:03.961Z|info : amplify-provider-awscloudformation.system-config-manager.getProfileCredentials(["default"])
2025-03-28T03:22:03.966Z|info : amplify-provider-awscloudformation.zip-util.downloadZip.s3.getFile([{"Key":"[***]rent-[***]ud-[***]d.zip"},null])
2025-03-28T03:22:03.967Z|info : amplify-provider-awscloudformation.aws-s3.s3.getFile([{"Key":"[***]rent-[***]ud-[***]d.zip","Bucket":"[***]ify-[***]ama-[***]ev-[***]77-[***]ment"}])
2025-03-28T03:22:04.453Z|info : amplify-provider-awscloudformation.initialize-env.run.cfn.updateamplifyMetaFileWithStackOutputs([{"StackName":"[***]ify-[***]ama-[***]ev-[***]77"}])
2025-03-28T03:22:04.455Z|info : amplify-provider-awscloudformation.system-config-manager.getProfileConfig(["default"])
2025-03-28T03:22:04.455Z|info : amplify-provider-awscloudformation.system-config-manager.getProfiledAwsConfig.profileConfig([{"region":"ap-northeast-1"}])
2025-03-28T03:22:04.455Z|info : amplify-provider-awscloudformation.system-config-manager.getProfileCredentials(["default"])
2025-03-28T03:22:04.459Z|info : amplify-provider-awscloudformation.aws-cfn.updateamplifyMetaFileWithStackOutputs.cfn.listStackResources([{"StackName":"[***]ify-[***]ama-[***]ev-[***]77"}])
2025-03-28T03:22:04.647Z|info : amplify-provider-awscloudformation.aws-cfn.describeStack.cfn.describeStacks([{"StackName":"[***]ify-[***]ama-[***]ev-[***]77"}])
2025-03-28T03:22:04.829Z|info : amplify-provider-awscloudformation.aws-cfn.describeStack.cfn.describeStacks([{"StackName":"[***]rmation:ap-[***]east-[***]41:stack/[***]ify-[***]ama-[***]ev-[***]77-[***]yama-[***]S554IO/[***]aa00-[***]bc-[***]f0-[***]79-[***]4f7df"}])
2025-03-28T03:22:04.831Z|info : amplify-provider-awscloudformation.aws-cfn.describeStack.cfn.describeStacks([{"StackName":"[***]rmation:ap-[***]east-[***]41:stack/[***]ify-[***]ama-[***]ev-[***]77-[***]9dbd4c2a-[***]A3GZ4H/[***]83f0-[***]ba-[***]f0-[***]06-[***]b9193"}])
2025-03-28T03:22:05.002Z|info : amplify-provider-awscloudformation.aws-s3.s3.getFile([{"Key":"[***]ify-[***]json","Bucket":"[***]ify-[***]ama-[***]ev-[***]77-[***]ment"}])
2025-03-28T03:22:06.344Z|info : amplify-provider-awscloudformation.system-config-manager.getProfileConfig(["default"])
2025-03-28T03:22:06.345Z|info : amplify-provider-awscloudformation.system-config-manager.getProfiledAwsConfig.profileConfig([{"region":"ap-northeast-1"}])
2025-03-28T03:22:06.345Z|info : amplify-provider-awscloudformation.system-config-manager.getProfileCredentials(["default"])
2025-03-28T03:22:07.019Z|info : amplify-provider-awscloudformation.system-config-manager.getProfileConfig(["default"])
2025-03-28T03:22:07.020Z|info : amplify-provider-awscloudformation.system-config-manager.getProfiledAwsConfig.profileConfig([{"region":"ap-northeast-1"}])
2025-03-28T03:22:07.020Z|info : amplify-provider-awscloudformation.system-config-manager.getProfileCredentials(["default"])
