2025-03-26T16:03:45.522Z|info : amplify pull core  
2025-03-26T16:03:45.556Z|info : @aws-amplify/amplify-cli-core.banner-message/index.ts.fetch banner messages from https://aws-amplify.github.io/amplify-cli/banner-message.json({}
2025-03-26T17:11:08.087Z|info : amplify version core  {"version":true,"yes":false}
2025-03-26T17:12:02.937Z|info : amplify configure core  
2025-03-26T17:12:02.969Z|info : @aws-amplify/amplify-cli-core.banner-message/index.ts.fetch banner messages from https://aws-amplify.github.io/amplify-cli/banner-message.json({}
2025-03-26T17:30:29.043Z|info : amplify-provider-awscloudformation.system-config-manager.setProfile.credentialsFilePathExists(["C:\\Users\\吉田龍哉\\.aws\\credentials"])
2025-03-26T17:30:29.046Z|info : amplify-provider-awscloudformation.system-config-manager.makeFileOwnerReadWrite(["C:\\Users\\吉田龍哉\\.aws\\credentials"])
2025-03-26T17:30:29.049Z|info : amplify-provider-awscloudformation.system-config-manager.setProfile.configFilePathExists(["C:\\Users\\吉田龍哉\\.aws\\config"])
2025-03-26T17:30:29.049Z|info : amplify-provider-awscloudformation.system-config-manager.makeFileOwnerReadWrite(["C:\\Users\\吉田龍哉\\.aws\\config"])
2025-03-26T17:30:29.050Z|info : amplify-provider-awscloudformation.system-config-manager.setProfile.writeCredentialsFilePath(["C:\\Users\\吉田龍哉\\.aws\\credentials"])
2025-03-27T00:54:50.906Z|info : amplify init core  
2025-03-27T00:54:50.942Z|info : @aws-amplify/amplify-cli-core.banner-message/index.ts.fetch banner messages from https://aws-amplify.github.io/amplify-cli/banner-message.json({}
2025-03-27T00:56:16.996Z|info : amplify version core  {"version":true,"yes":false}
2025-03-27T00:58:11.407Z|info : amplify init core  
2025-03-27T00:58:11.438Z|info : @aws-amplify/amplify-cli-core.banner-message/index.ts.fetch banner messages from https://aws-amplify.github.io/amplify-cli/banner-message.json({}
2025-03-27T01:05:50.005Z|info : amplify-provider-awscloudformation.system-config-manager.getProfileConfig(["default"])
2025-03-27T01:05:50.007Z|info : amplify-provider-awscloudformation.system-config-manager.getProfiledAwsConfig.profileConfig([{"region":"ap-northeast-1"}])
2025-03-27T01:05:50.008Z|info : amplify-provider-awscloudformation.system-config-manager.getProfileCredentials(["default"])
2025-03-27T01:05:50.023Z|info : amplify-provider-awscloudformation.amplify-service-permission-check.checkAmplifyServiceIAMPermission.amplifyClient.listApps([])
2025-03-27T01:05:50.365Z|info : amplify-provider-awscloudformation.amplify-service-manager.init.amplifyClient.createApp([{"name":"[***]ama","environmentVariables":{"_LIVE_PACKAGE_UPDATES":"[{\"pkg\":\"@aws-amplify/cli\",\"type\":\"npm\",\"version\":\"latest\"}]"}}])
2025-03-27T01:05:50.620Z|info : amplify-provider-awscloudformation.amplify-service-manager.init.amplifyClient.getBackendEnvironment([{"appId":"[***]v5ab41","environmentName":"[***]ev"}])
2025-03-27T01:05:50.744Z|error : amplify-provider-awscloudformation.amplify-service-manager.init.amplifyClient.getBackendEnvironment([{"appId":"[***]v5ab41","environmentName":"[***]ev"}])
NotFoundException: BackendEnvironment dev does not exist.
2025-03-27T01:05:50.746Z|info : amplify-provider-awscloudformation.amplify-service-manager.init.amplifyClient.getBackendEnvironment([{"appId":"[***]v5ab41","environmentName":"[***]ev","stackName":"[***]ify-[***]ama-[***]ev-[***]77","deploymentArtifacts":"amplify-potyama-dev-bf177-deployment"}])
2025-03-27T01:05:50.898Z|info : amplify-provider-awscloudformation.aws-cfn.cfnModel.createStack([{"StackName":"[***]ify-[***]ama-[***]ev-[***]77","Capabilities":["CAPABILITY_NAMED_IAM","CAPABILITY_AUTO_EXPAND"],"TemplateBody":"{\n  \"AWSTemplateFormatVersion\": \"2010-09-09\",\n  \"Description\": \"{\\\"createdOn\\\":\\\"Windows\\\",\\\"createdBy\\\":\\\"Amplify\\\",\\\"createdWith\\\":\\\"13.0.0\\\",\\\"stackType\\\":\\\"root\\\",\\\"metadata\\\":{\\\"whyContinueWithGen1\\\":\\\"I am a current Gen 1 user\\\"}}\",\n  \"Parameters\": {\n    \"[***]cketName\": {\n      \"Description\": \"Name of the common deployment bucket provided by the parent stack\",\n      \"Type\": \"String\",\n      \"Default\": \"DeploymentBucket\"\n    },\n    \"[***]eName\": {\n      \"Type\": \"String\",\n      \"Default\": \"AuthRoleName\"\n    },\n    \"[***]leName\": {\n      \"Type\": \"String\",\n      \"Default\": \"UnauthRoleName\"\n    }\n  },\n  \"Resources\": {\n    \"DeploymentBucket\": {\n      \"Type\": \"AWS::S3::Bucket\",\n      \"DeletionPolicy\": \"Retain\",\n      \"Properties\": {\n        \"BucketName\": {\n          \"Ref\": \"DeploymentBucketName\"\n        },\n        \"BucketEncryption\": {\n          \"ServerSideEncryptionConfiguration\": [\n            {\n              \"ServerSideEncryptionByDefault\": {\n                \"SSEAlgorithm\": \"AES256\"\n              }\n            }\n          ]\n        }\n      }\n    },\n    \"DeploymentBucketBlockHTTP\": {\n      \"Type\": \"AWS::S3::BucketPolicy\",\n      \"Properties\": {\n        \"Bucket\": {\n          \"Ref\": \"DeploymentBucketName\"\n        },\n        \"PolicyDocument\": {\n          \"Statement\": [\n            {\n              \"Action\": \"s3:*\",\n              \"Effect\": \"Deny\",\n              \"Principal\": \"*\",\n              \"Resource\": [\n                {\n                  \"Fn::Join\": [\n                    \"\",\n                    [\n                      \"arn:aws:s3:::\",\n                      {\n                        \"Ref\": \"DeploymentBucketName\"\n                      },\n                      \"/*\"\n                    ]\n                  ]\n                },\n                {\n                  \"Fn::Join\": [\n                    \"\",\n                    [\n                      \"arn:aws:s3:::\",\n                      {\n                        \"Ref\": \"DeploymentBucketName\"\n                      }\n                    ]\n                  ]\n                }\n              ],\n              \"Condition\": {\n                \"Bool\": {\n                  \"aws:SecureTransport\": false\n                }\n              }\n            }\n          ]\n        }\n      }\n    },\n    \"AuthRole\": {\n      \"Type\": \"AWS::IAM::Role\",\n      \"Properties\": {\n        \"RoleName\": {\n          \"Ref\": \"AuthRoleName\"\n        },\n        \"AssumeRolePolicyDocument\": {\n          \"Version\": \"2012-10-17\",\n          \"Statement\": [\n            {\n              \"Sid\": \"\",\n              \"Effect\": \"Deny\",\n              \"Principal\": {\n                \"Federated\": \"cognito-identity.amazonaws.com\"\n              },\n              \"Action\": \"sts:AssumeRoleWithWebIdentity\"\n            }\n          ]\n        }\n      }\n    },\n    \"UnauthRole\": {\n      \"Type\": \"AWS::IAM::Role\",\n      \"Properties\": {\n        \"RoleName\": {\n          \"Ref\": \"UnauthRoleName\"\n        },\n        \"AssumeRolePolicyDocument\": {\n          \"Version\": \"2012-10-17\",\n          \"Statement\": [\n            {\n              \"Sid\": \"\",\n              \"Effect\": \"Deny\",\n              \"Principal\": {\n                \"Federated\": \"cognito-identity.amazonaws.com\"\n              },\n              \"Action\": \"sts:AssumeRoleWithWebIdentity\"\n            }\n          ]\n        }\n      }\n    }\n  },\n  \"Outputs\": {\n    \"Region\": {\n      \"Description\": \"CloudFormation provider root stack Region\",\n      \"Value\": {\n        \"Ref\": \"AWS::Region\"\n      },\n      \"Export\": {\n        \"Name\": {\n          \"Fn::Sub\": \"${AWS::StackName}-Region\"\n        }\n      }\n    },\n    \"StackName\": {\n      \"Description\": \"CloudFormation provider root stack ID\",\n      \"Value\": {\n        \"Ref\": \"AWS::StackName\"\n      },\n      \"Export\": {\n        \"Name\": {\n          \"Fn::Sub\": \"${AWS::StackName}-StackName\"\n        }\n      }\n    },\n    \"StackId\": {\n      \"Description\": \"CloudFormation provider root stack name\",\n      \"Value\": {\n        \"Ref\": \"AWS::StackId\"\n      },\n      \"Export\": {\n        \"Name\": {\n          \"Fn::Sub\": \"${AWS::StackName}-StackId\"\n        }\n      }\n    },\n    \"DeploymentBucketName\": {\n      \"Description\": \"CloudFormation provider root stack deployment bucket name\",\n      \"Value\": {\n        \"Ref\": \"DeploymentBucketName\"\n      },\n      \"Export\": {\n        \"Name\": {\n          \"Fn::Sub\": \"${AWS::StackName}-DeploymentBucketName\"\n        }\n      }\n    },\n    \"AuthRoleArn\": {\n      \"Value\": {\n        \"Fn::GetAtt\": [\n          \"AuthRole\",\n          \"Arn\"\n        ]\n      }\n    },\n    \"UnauthRoleArn\": {\n      \"Value\": {\n        \"Fn::GetAtt\": [\n          \"UnauthRole\",\n          \"Arn\"\n        ]\n      }\n    },\n    \"AuthRoleName\": {\n      \"Value\": {\n        \"Ref\": \"AuthRole\"\n      }\n    },\n    \"UnauthRoleName\": {\n      \"Value\": {\n        \"Ref\": \"UnauthRole\"\n      }\n    }\n  }\n}","Parameters":[{"ParameterKey":"DeploymentBucketName","ParameterValue":"amplify-potyama-dev-bf177-deployment"},{"ParameterKey":"AuthRoleName","ParameterValue":"amplify-potyama-dev-bf177-authRole"},{"ParameterKey":"UnauthRoleName","ParameterValue":"amplify-potyama-dev-bf177-unauthRole"}],"Tags":[{"Key":"[***]tack","Value":"dev"},{"Key":"[***]ication","Value":"potyama"}]}])
2025-03-27T01:05:51.398Z|info : amplify-provider-awscloudformation.aws-cfn.cfnModel.createStack([{"StackName":"[***]ify-[***]ama-[***]ev-[***]77","Capabilities":["CAPABILITY_NAMED_IAM","CAPABILITY_AUTO_EXPAND"],"TemplateBody":"{\n  \"AWSTemplateFormatVersion\": \"2010-09-09\",\n  \"Description\": \"{\\\"createdOn\\\":\\\"Windows\\\",\\\"createdBy\\\":\\\"Amplify\\\",\\\"createdWith\\\":\\\"13.0.0\\\",\\\"stackType\\\":\\\"root\\\",\\\"metadata\\\":{\\\"whyContinueWithGen1\\\":\\\"I am a current Gen 1 user\\\"}}\",\n  \"Parameters\": {\n    \"[***]cketName\": {\n      \"Description\": \"Name of the common deployment bucket provided by the parent stack\",\n      \"Type\": \"String\",\n      \"Default\": \"DeploymentBucket\"\n    },\n    \"[***]eName\": {\n      \"Type\": \"String\",\n      \"Default\": \"AuthRoleName\"\n    },\n    \"[***]leName\": {\n      \"Type\": \"String\",\n      \"Default\": \"UnauthRoleName\"\n    }\n  },\n  \"Resources\": {\n    \"DeploymentBucket\": {\n      \"Type\": \"AWS::S3::Bucket\",\n      \"DeletionPolicy\": \"Retain\",\n      \"Properties\": {\n        \"BucketName\": {\n          \"Ref\": \"DeploymentBucketName\"\n        },\n        \"BucketEncryption\": {\n          \"ServerSideEncryptionConfiguration\": [\n            {\n              \"ServerSideEncryptionByDefault\": {\n                \"SSEAlgorithm\": \"AES256\"\n              }\n            }\n          ]\n        }\n      }\n    },\n    \"DeploymentBucketBlockHTTP\": {\n      \"Type\": \"AWS::S3::BucketPolicy\",\n      \"Properties\": {\n        \"Bucket\": {\n          \"Ref\": \"DeploymentBucketName\"\n        },\n        \"PolicyDocument\": {\n          \"Statement\": [\n            {\n              \"Action\": \"s3:*\",\n              \"Effect\": \"Deny\",\n              \"Principal\": \"*\",\n              \"Resource\": [\n                {\n                  \"Fn::Join\": [\n                    \"\",\n                    [\n                      \"arn:aws:s3:::\",\n                      {\n                        \"Ref\": \"DeploymentBucketName\"\n                      },\n                      \"/*\"\n                    ]\n                  ]\n                },\n                {\n                  \"Fn::Join\": [\n                    \"\",\n                    [\n                      \"arn:aws:s3:::\",\n                      {\n                        \"Ref\": \"DeploymentBucketName\"\n                      }\n                    ]\n                  ]\n                }\n              ],\n              \"Condition\": {\n                \"Bool\": {\n                  \"aws:SecureTransport\": false\n                }\n              }\n            }\n          ]\n        }\n      }\n    },\n    \"AuthRole\": {\n      \"Type\": \"AWS::IAM::Role\",\n      \"Properties\": {\n        \"RoleName\": {\n          \"Ref\": \"AuthRoleName\"\n        },\n        \"AssumeRolePolicyDocument\": {\n          \"Version\": \"2012-10-17\",\n          \"Statement\": [\n            {\n              \"Sid\": \"\",\n              \"Effect\": \"Deny\",\n              \"Principal\": {\n                \"Federated\": \"cognito-identity.amazonaws.com\"\n              },\n              \"Action\": \"sts:AssumeRoleWithWebIdentity\"\n            }\n          ]\n        }\n      }\n    },\n    \"UnauthRole\": {\n      \"Type\": \"AWS::IAM::Role\",\n      \"Properties\": {\n        \"RoleName\": {\n          \"Ref\": \"UnauthRoleName\"\n        },\n        \"AssumeRolePolicyDocument\": {\n          \"Version\": \"2012-10-17\",\n          \"Statement\": [\n            {\n              \"Sid\": \"\",\n              \"Effect\": \"Deny\",\n              \"Principal\": {\n                \"Federated\": \"cognito-identity.amazonaws.com\"\n              },\n              \"Action\": \"sts:AssumeRoleWithWebIdentity\"\n            }\n          ]\n        }\n      }\n    }\n  },\n  \"Outputs\": {\n    \"Region\": {\n      \"Description\": \"CloudFormation provider root stack Region\",\n      \"Value\": {\n        \"Ref\": \"AWS::Region\"\n      },\n      \"Export\": {\n        \"Name\": {\n          \"Fn::Sub\": \"${AWS::StackName}-Region\"\n        }\n      }\n    },\n    \"StackName\": {\n      \"Description\": \"CloudFormation provider root stack ID\",\n      \"Value\": {\n        \"Ref\": \"AWS::StackName\"\n      },\n      \"Export\": {\n        \"Name\": {\n          \"Fn::Sub\": \"${AWS::StackName}-StackName\"\n        }\n      }\n    },\n    \"StackId\": {\n      \"Description\": \"CloudFormation provider root stack name\",\n      \"Value\": {\n        \"Ref\": \"AWS::StackId\"\n      },\n      \"Export\": {\n        \"Name\": {\n          \"Fn::Sub\": \"${AWS::StackName}-StackId\"\n        }\n      }\n    },\n    \"DeploymentBucketName\": {\n      \"Description\": \"CloudFormation provider root stack deployment bucket name\",\n      \"Value\": {\n        \"Ref\": \"DeploymentBucketName\"\n      },\n      \"Export\": {\n        \"Name\": {\n          \"Fn::Sub\": \"${AWS::StackName}-DeploymentBucketName\"\n        }\n      }\n    },\n    \"AuthRoleArn\": {\n      \"Value\": {\n        \"Fn::GetAtt\": [\n          \"AuthRole\",\n          \"Arn\"\n        ]\n      }\n    },\n    \"UnauthRoleArn\": {\n      \"Value\": {\n        \"Fn::GetAtt\": [\n          \"UnauthRole\",\n          \"Arn\"\n        ]\n      }\n    },\n    \"AuthRoleName\": {\n      \"Value\": {\n        \"Ref\": \"AuthRole\"\n      }\n    },\n    \"UnauthRoleName\": {\n      \"Value\": {\n        \"Ref\": \"UnauthRole\"\n      }\n    }\n  }\n}","Parameters":[{"ParameterKey":"DeploymentBucketName","ParameterValue":"amplify-potyama-dev-bf177-deployment"},{"ParameterKey":"AuthRoleName","ParameterValue":"amplify-potyama-dev-bf177-authRole"},{"ParameterKey":"UnauthRoleName","ParameterValue":"amplify-potyama-dev-bf177-unauthRole"}],"Tags":[{"Key":"[***]tack","Value":"dev"},{"Key":"[***]ication","Value":"potyama"}]}])
2025-03-27T01:05:56.448Z|info : amplify-provider-awscloudformation.aws-cfn.getStackEvents.cfnModel.describeStackEvents([{"StackName":"[***]ify-[***]ama-[***]ev-[***]77"}])
2025-03-27T01:05:56.632Z|info : amplify-provider-awscloudformation.aws-cfn.getStackEvents.cfnModel.describeStackEvents([{"StackName":"[***]rmation:ap-[***]east-[***]41:stack/[***]ify-[***]ama-[***]ev-[***]77/[***]cd80-[***]a7-[***]f0-[***]b3-[***]3fb77"}])
2025-03-27T01:06:01.455Z|info : amplify-provider-awscloudformation.aws-cfn.getStackEvents.cfnModel.describeStackEvents([{"StackName":"[***]ify-[***]ama-[***]ev-[***]77"}])
2025-03-27T01:06:01.655Z|info : amplify-provider-awscloudformation.aws-cfn.getStackEvents.cfnModel.describeStackEvents([{"StackName":"[***]rmation:ap-[***]east-[***]41:stack/[***]ify-[***]ama-[***]ev-[***]77/[***]cd80-[***]a7-[***]f0-[***]b3-[***]3fb77"}])
2025-03-27T01:06:11.461Z|info : amplify-provider-awscloudformation.aws-cfn.getStackEvents.cfnModel.describeStackEvents([{"StackName":"[***]ify-[***]ama-[***]ev-[***]77"}])
2025-03-27T01:06:11.616Z|info : amplify-provider-awscloudformation.aws-cfn.getStackEvents.cfnModel.describeStackEvents([{"StackName":"[***]rmation:ap-[***]east-[***]41:stack/[***]ify-[***]ama-[***]ev-[***]77/[***]cd80-[***]a7-[***]f0-[***]b3-[***]3fb77"}])
2025-03-27T01:06:52.432Z|info : amplify-provider-awscloudformation.system-config-manager.getProfileConfig(["default"])
2025-03-27T01:06:52.432Z|info : amplify-provider-awscloudformation.system-config-manager.getProfiledAwsConfig.profileConfig([{"region":"ap-northeast-1"}])
2025-03-27T01:06:52.433Z|info : amplify-provider-awscloudformation.system-config-manager.getProfileCredentials(["default"])
2025-03-27T01:06:52.438Z|info : amplify-provider-awscloudformation.upload-current-cloud-backend.storeCurrentCloudBackend.s3.uploadFile([{"Key":"[***]rent-[***]ud-[***]d.zip"}])
2025-03-27T01:06:52.442Z|info : amplify-provider-awscloudformation.aws-s3.uploadFile.s3.upload([{"Body":{"fd":null,"path":"C:\\Users\\吉田龍哉\\amplify\\backend\\.temp\\[***]rent-[***]ud-[***]d.zip","flags":"r","mode":438,"end":null,"bytesRead":0,"_events":{},"_readableState":{"highWaterMark":65536,"buffer":[],"bufferIndex":0,"length":0,"pipes":[],"awaitDrainWriters":null},"_eventsCount":1},"Key":"#current-cloud-backend.zip","Bucket":"[***]ify-[***]ama-[***]ev-[***]77-[***]ment"}])
2025-03-27T01:06:52.625Z|info : amplify-provider-awscloudformation.aws-s3.deleteDirectory.s3.getAllObjectVersions([{"BucketName":"[***]ify-[***]ama-[***]ev-[***]77-[***]ment"}])
2025-03-27T01:06:52.625Z|info : amplify-provider-awscloudformation.aws-s3.getAllObjectKey.s3.listObjectVersions([{"Bucket":"[***]ify-[***]ama-[***]ev-[***]77-[***]ment","Prefix":"studio-backend"}])
2025-03-27T01:06:52.757Z|info : amplify-provider-awscloudformation.aws-s3.uploadFile.s3.upload([{"Body":{"fd":null,"path":"C:\\Users\\吉田龍哉\\amplify\\cli.json","flags":"r","mode":438,"end":null,"bytesRead":0,"_events":{},"_readableState":{"highWaterMark":65536,"buffer":[],"bufferIndex":0,"length":0,"pipes":[],"awaitDrainWriters":null},"_eventsCount":1},"Key":"studio-backend\\cli.json","Bucket":"[***]ify-[***]ama-[***]ev-[***]77-[***]ment"}])
2025-03-27T01:06:52.757Z|info : amplify-provider-awscloudformation.aws-s3.uploadFile.s3.upload([{"Body":{"fd":null,"path":"C:\\Users\\吉田龍哉\\amplify\\#current-cloud-backend\\amplify-meta.json","flags":"r","mode":438,"end":null,"bytesRead":0,"_events":{},"_readableState":{"highWaterMark":65536,"buffer":[],"bufferIndex":0,"length":0,"pipes":[],"awaitDrainWriters":null},"_eventsCount":1},"Key":"studio-backend\\amplify-meta.json","Bucket":"[***]ify-[***]ama-[***]ev-[***]77-[***]ment"}])
2025-03-27T01:06:52.991Z|info : amplify-provider-awscloudformation.initializer.uploadFile.s3.uploadFile([{"Key":"[***]ify-[***]json"}])
2025-03-27T01:06:52.993Z|info : amplify-provider-awscloudformation.aws-s3.uploadFile.s3.upload([{"Body":{"fd":null,"path":"C:\\Users\\吉田龍哉\\amplify\\#current-cloud-backend\\[***]ify-[***]json","flags":"r","mode":438,"end":null,"bytesRead":0,"_events":{},"_readableState":{"highWaterMark":65536,"buffer":[],"bufferIndex":0,"length":0,"pipes":[],"awaitDrainWriters":null},"_eventsCount":1},"Key":"amplify-meta.json","Bucket":"[***]ify-[***]ama-[***]ev-[***]77-[***]ment"}])
2025-03-27T01:06:53.219Z|info : amplify-provider-awscloudformation.system-config-manager.getProfileConfig(["default"])
2025-03-27T01:06:53.220Z|info : amplify-provider-awscloudformation.system-config-manager.getProfiledAwsConfig.profileConfig([{"region":"ap-northeast-1"}])
2025-03-27T01:06:53.220Z|info : amplify-provider-awscloudformation.system-config-manager.getProfileCredentials(["default"])
2025-03-27T01:08:35.307Z|info : amplify console core  
2025-03-27T01:08:35.346Z|info : @aws-amplify/amplify-cli-core.banner-message/index.ts.fetch banner messages from https://aws-amplify.github.io/amplify-cli/banner-message.json({}
2025-03-27T01:10:47.475Z|info : amplify console core  
2025-03-27T01:10:47.518Z|info : @aws-amplify/amplify-cli-core.banner-message/index.ts.fetch banner messages from https://aws-amplify.github.io/amplify-cli/banner-message.json({}
2025-03-27T03:21:50.258Z|info : amplify add auth  
2025-03-27T03:21:50.317Z|info : @aws-amplify/amplify-cli-core.banner-message/index.ts.fetch banner messages from https://aws-amplify.github.io/amplify-cli/banner-message.json({}
2025-03-27T03:22:34.533Z|info : amplify push core  {"yes":true}
2025-03-27T03:22:34.572Z|info : @aws-amplify/amplify-cli-core.banner-message/index.ts.fetch banner messages from https://aws-amplify.github.io/amplify-cli/banner-message.json({}
2025-03-27T03:22:37.810Z|info : amplify-provider-awscloudformation.system-config-manager.getProfileConfig(["default"])
2025-03-27T03:22:37.811Z|info : amplify-provider-awscloudformation.system-config-manager.getProfiledAwsConfig.profileConfig([{"region":"ap-northeast-1"}])
2025-03-27T03:22:37.811Z|info : amplify-provider-awscloudformation.system-config-manager.getProfileCredentials(["default"])
2025-03-27T03:22:37.816Z|info : amplify-provider-awscloudformation.zip-util.downloadZip.s3.getFile([{"Key":"[***]rent-[***]ud-[***]d.zip"},null])
2025-03-27T03:22:37.816Z|info : amplify-provider-awscloudformation.aws-s3.s3.getFile([{"Key":"[***]rent-[***]ud-[***]d.zip","Bucket":"[***]ify-[***]ama-[***]ev-[***]77-[***]ment"}])
2025-03-27T03:22:38.143Z|info : amplify-provider-awscloudformation.initialize-env.run.cfn.updateamplifyMetaFileWithStackOutputs([{"StackName":"[***]ify-[***]ama-[***]ev-[***]77"}])
2025-03-27T03:22:38.145Z|info : amplify-provider-awscloudformation.system-config-manager.getProfileConfig(["default"])
2025-03-27T03:22:38.145Z|info : amplify-provider-awscloudformation.system-config-manager.getProfiledAwsConfig.profileConfig([{"region":"ap-northeast-1"}])
2025-03-27T03:22:38.145Z|info : amplify-provider-awscloudformation.system-config-manager.getProfileCredentials(["default"])
2025-03-27T03:22:38.150Z|info : amplify-provider-awscloudformation.aws-cfn.updateamplifyMetaFileWithStackOutputs.cfn.listStackResources([{"StackName":"[***]ify-[***]ama-[***]ev-[***]77"}])
2025-03-27T03:22:38.437Z|info : amplify-provider-awscloudformation.aws-cfn.describeStack.cfn.describeStacks([{"StackName":"[***]ify-[***]ama-[***]ev-[***]77"}])
2025-03-27T03:22:38.571Z|info : amplify-provider-awscloudformation.aws-s3.s3.getFile([{"Key":"[***]ify-[***]json","Bucket":"[***]ify-[***]ama-[***]ev-[***]77-[***]ment"}])
2025-03-27T03:22:38.928Z|info : amplify-provider-awscloudformation.system-config-manager.getProfileConfig(["default"])
2025-03-27T03:22:38.928Z|info : amplify-provider-awscloudformation.system-config-manager.getProfiledAwsConfig.profileConfig([{"region":"ap-northeast-1"}])
2025-03-27T03:22:38.928Z|info : amplify-provider-awscloudformation.system-config-manager.getProfileCredentials(["default"])
2025-03-27T03:22:39.153Z|info : amplify-provider-awscloudformation.push-resources.uploadTemplateToS3.s3.uploadFile([{"Key":"[***]ify-[***]fn-[***]ates/[***]th/[***]bd4c2a-[***]mation-[***]e.json"}])
2025-03-27T03:22:39.155Z|info : amplify-provider-awscloudformation.aws-s3.uploadFile.s3.upload([{"Body":{"fd":null,"path":"C:\\Users\\吉田龍哉\\amplify\\backend\\awscloudformation\\build\\auth\\potyama9dbd4c2a\\build\\potyama9dbd4c2a-cloudformation-template.json","flags":"r","mode":438,"end":null,"bytesRead":0,"_events":{},"_readableState":{"highWaterMark":65536,"buffer":[],"bufferIndex":0,"length":0,"pipes":[],"awaitDrainWriters":null},"_eventsCount":1},"Key":"[***]ify-[***]fn-[***]ates/[***]th/[***]bd4c2a-[***]mation-[***]e.json","Bucket":"[***]ify-[***]ama-[***]ev-[***]77-[***]ment"}])
2025-03-27T03:22:39.934Z|info : amplify-provider-awscloudformation.system-config-manager.getProfileConfig(["default"])
2025-03-27T03:22:39.934Z|info : amplify-provider-awscloudformation.system-config-manager.getProfiledAwsConfig.profileConfig([{"region":"ap-northeast-1"}])
2025-03-27T03:22:39.934Z|info : amplify-provider-awscloudformation.system-config-manager.getProfileCredentials(["default"])
2025-03-27T03:22:39.937Z|info : amplify-provider-awscloudformation.aws-cfn.updateCloudFormationNestedStack(["C:\\Users\\吉田龍哉\\amplify\\backend\\awscloudformation","C:\\Users\\吉田龍哉\\amplify\\backend\\awscloudformation\\build\\awscloudformation\\build\\root-cloudformation-stack.json"])
2025-03-27T03:22:39.939Z|info : amplify-provider-awscloudformation.aws-cfn.updateResourceStack.s3.uploadFile([{}])
2025-03-27T03:22:39.939Z|info : amplify-provider-awscloudformation.aws-s3.uploadFile.s3.upload([{"Body":{"fd":null,"path":"C:\\Users\\吉田龍哉\\amplify\\backend\\awscloudformation\\build\\awscloudformation\\build\\[***]ot-[***]mation-[***]json","flags":"r","mode":438,"end":null,"bytesRead":0,"_events":{},"_readableState":{"highWaterMark":65536,"buffer":[],"bufferIndex":0,"length":0,"pipes":[],"awaitDrainWriters":null},"_eventsCount":1},"Key":"root-cloudformation-stack.json","Bucket":"[***]ify-[***]ama-[***]ev-[***]77-[***]ment"}])
2025-03-27T03:22:40.089Z|info : amplify-provider-awscloudformation.aws-cfn.updateResourceStack.describeStack([{"StackName":"[***]ify-[***]ama-[***]ev-[***]77"}])
2025-03-27T03:22:40.089Z|info : amplify-provider-awscloudformation.aws-cfn.describeStack.cfn.describeStacks([{"StackName":"[***]ify-[***]ama-[***]ev-[***]77"}])
2025-03-27T03:22:40.234Z|info : amplify-provider-awscloudformation.aws-cfn.updateResourceStack.updateStack([{"StackName":"[***]ify-[***]ama-[***]ev-[***]77"}])
2025-03-27T03:22:45.758Z|info : amplify-provider-awscloudformation.aws-cfn.getStackEvents.cfnModel.describeStackEvents([{"StackName":"[***]ify-[***]ama-[***]ev-[***]77"}])
2025-03-27T03:22:45.913Z|info : amplify-provider-awscloudformation.aws-cfn.getStackEvents.cfnModel.describeStackEvents([{"StackName":"[***]rmation:ap-[***]east-[***]41:stack/[***]ify-[***]ama-[***]ev-[***]77/[***]cd80-[***]a7-[***]f0-[***]b3-[***]3fb77"}])
2025-03-27T03:22:50.768Z|info : amplify-provider-awscloudformation.aws-cfn.getStackEvents.cfnModel.describeStackEvents([{"StackName":"[***]ify-[***]ama-[***]ev-[***]77"}])
2025-03-27T03:22:50.978Z|info : amplify-provider-awscloudformation.aws-cfn.getStackEvents.cfnModel.describeStackEvents([{"StackName":"[***]rmation:ap-[***]east-[***]41:stack/[***]ify-[***]ama-[***]ev-[***]77-[***]9dbd4c2a-[***]A3GZ4H/[***]83f0-[***]ba-[***]f0-[***]06-[***]b9193"}])
2025-03-27T03:22:51.072Z|info : amplify-provider-awscloudformation.aws-cfn.getStackEvents.cfnModel.describeStackEvents([{"StackName":"[***]rmation:ap-[***]east-[***]41:stack/[***]ify-[***]ama-[***]ev-[***]77/[***]cd80-[***]a7-[***]f0-[***]b3-[***]3fb77"}])
2025-03-27T03:22:51.228Z|info : amplify-provider-awscloudformation.aws-cfn.getStackEvents.cfnModel.describeStackEvents([{"StackName":"[***]rmation:ap-[***]east-[***]41:stack/[***]ify-[***]ama-[***]ev-[***]77-[***]9dbd4c2a-[***]A3GZ4H/[***]83f0-[***]ba-[***]f0-[***]06-[***]b9193"}])
2025-03-27T03:23:00.778Z|info : amplify-provider-awscloudformation.aws-cfn.getStackEvents.cfnModel.describeStackEvents([{"StackName":"[***]ify-[***]ama-[***]ev-[***]77"}])
2025-03-27T03:23:00.963Z|info : amplify-provider-awscloudformation.aws-cfn.getStackEvents.cfnModel.describeStackEvents([{"StackName":"[***]rmation:ap-[***]east-[***]41:stack/[***]ify-[***]ama-[***]ev-[***]77-[***]9dbd4c2a-[***]A3GZ4H/[***]83f0-[***]ba-[***]f0-[***]06-[***]b9193"}])
2025-03-27T03:23:01.057Z|info : amplify-provider-awscloudformation.aws-cfn.getStackEvents.cfnModel.describeStackEvents([{"StackName":"[***]rmation:ap-[***]east-[***]41:stack/[***]ify-[***]ama-[***]ev-[***]77/[***]cd80-[***]a7-[***]f0-[***]b3-[***]3fb77"}])
2025-03-27T03:23:01.242Z|info : amplify-provider-awscloudformation.aws-cfn.getStackEvents.cfnModel.describeStackEvents([{"StackName":"[***]rmation:ap-[***]east-[***]41:stack/[***]ify-[***]ama-[***]ev-[***]77-[***]9dbd4c2a-[***]A3GZ4H/[***]83f0-[***]ba-[***]f0-[***]06-[***]b9193"}])
2025-03-27T03:23:20.779Z|info : amplify-provider-awscloudformation.aws-cfn.getStackEvents.cfnModel.describeStackEvents([{"StackName":"[***]ify-[***]ama-[***]ev-[***]77"}])
2025-03-27T03:23:21.072Z|info : amplify-provider-awscloudformation.aws-cfn.getStackEvents.cfnModel.describeStackEvents([{"StackName":"[***]rmation:ap-[***]east-[***]41:stack/[***]ify-[***]ama-[***]ev-[***]77/[***]cd80-[***]a7-[***]f0-[***]b3-[***]3fb77"}])
2025-03-27T03:23:41.260Z|info : amplify-provider-awscloudformation.aws-cfn.updateamplifyMetaFileWithStackOutputs.cfn.listStackResources([{"StackName":"[***]ify-[***]ama-[***]ev-[***]77"}])
2025-03-27T03:23:41.430Z|info : amplify-provider-awscloudformation.aws-cfn.describeStack.cfn.describeStacks([{"StackName":"[***]ify-[***]ama-[***]ev-[***]77"}])
2025-03-27T03:23:41.569Z|info : amplify-provider-awscloudformation.aws-cfn.describeStack.cfn.describeStacks([{"StackName":"[***]rmation:ap-[***]east-[***]41:stack/[***]ify-[***]ama-[***]ev-[***]77-[***]9dbd4c2a-[***]A3GZ4H/[***]83f0-[***]ba-[***]f0-[***]06-[***]b9193"}])
2025-03-27T03:23:41.736Z|info : amplify-provider-awscloudformation.aws-s3.deleteObject.s3([{"BucketName":"[***]ify-[***]ama-[***]ev-[***]77-[***]ment","FilePath":"deployment-state.json"}])
2025-03-27T03:23:41.737Z|info : amplify-provider-awscloudformation.aws-s3.checkExistObject.s3([{"BucketName":"[***]ify-[***]ama-[***]ev-[***]77-[***]ment","FilePath":"deployment-state.json"}])
2025-03-27T03:23:41.857Z|info : amplify-provider-awscloudformation.aws-s3.checkExistObject.s3([{"BucketName":"[***]ify-[***]ama-[***]ev-[***]77-[***]ment","FilePath":"deployment-state.json","Error":"NotFound"}])
2025-03-27T03:23:41.900Z|info : amplify-provider-awscloudformation.system-config-manager.getProfileConfig(["default"])
2025-03-27T03:23:41.901Z|info : amplify-provider-awscloudformation.system-config-manager.getProfiledAwsConfig.profileConfig([{"region":"ap-northeast-1"}])
2025-03-27T03:23:41.901Z|info : amplify-provider-awscloudformation.system-config-manager.getProfileCredentials(["default"])
2025-03-27T03:23:42.060Z|info : amplify-provider-awscloudformation.system-config-manager.getProfileConfig(["default"])
2025-03-27T03:23:42.060Z|info : amplify-provider-awscloudformation.system-config-manager.getProfiledAwsConfig.profileConfig([{"region":"ap-northeast-1"}])
2025-03-27T03:23:42.060Z|info : amplify-provider-awscloudformation.system-config-manager.getProfileCredentials(["default"])
2025-03-27T03:23:42.248Z|info : amplify-provider-awscloudformation.upload-current-cloud-backend.storeCurrentCloudBackend.s3.uploadFile([{"Key":"[***]rent-[***]ud-[***]d.zip"}])
2025-03-27T03:23:42.249Z|info : amplify-provider-awscloudformation.aws-s3.uploadFile.s3.upload([{"Body":{"fd":null,"path":"C:\\Users\\吉田龍哉\\amplify\\backend\\.temp\\[***]rent-[***]ud-[***]d.zip","flags":"r","mode":438,"end":null,"bytesRead":0,"_events":{},"_readableState":{"highWaterMark":65536,"buffer":[],"bufferIndex":0,"length":0,"pipes":[],"awaitDrainWriters":null},"_eventsCount":1},"Key":"#current-cloud-backend.zip","Bucket":"[***]ify-[***]ama-[***]ev-[***]77-[***]ment"}])
2025-03-27T03:23:42.418Z|info : amplify-provider-awscloudformation.aws-s3.deleteDirectory.s3.getAllObjectVersions([{"BucketName":"[***]ify-[***]ama-[***]ev-[***]77-[***]ment"}])
2025-03-27T03:23:42.419Z|info : amplify-provider-awscloudformation.aws-s3.getAllObjectKey.s3.listObjectVersions([{"Bucket":"[***]ify-[***]ama-[***]ev-[***]77-[***]ment","Prefix":"studio-backend"}])
2025-03-27T03:23:42.695Z|info : amplify-provider-awscloudformation.aws-s3.deleteAllObjects.s3.deleteObjects (0 of 1)([{"Bucket":"[***]ify-[***]ama-[***]ev-[***]77-[***]ment"}])
2025-03-27T03:23:42.887Z|info : amplify-provider-awscloudformation.aws-s3.uploadFile.s3.upload([{"Body":{"fd":null,"path":"C:\\Users\\吉田龍哉\\amplify\\cli.json","flags":"r","mode":438,"end":null,"bytesRead":0,"_events":{},"_readableState":{"highWaterMark":65536,"buffer":[],"bufferIndex":0,"length":0,"pipes":[],"awaitDrainWriters":null},"_eventsCount":1},"Key":"studio-backend\\cli.json","Bucket":"[***]ify-[***]ama-[***]ev-[***]77-[***]ment"}])
2025-03-27T03:23:42.888Z|info : amplify-provider-awscloudformation.aws-s3.uploadFile.s3.upload([{"Body":{"fd":null,"path":"C:\\Users\\吉田龍哉\\amplify\\#current-cloud-backend\\amplify-meta.json","flags":"r","mode":438,"end":null,"bytesRead":0,"_events":{},"_readableState":{"highWaterMark":65536,"buffer":[],"bufferIndex":0,"length":0,"pipes":[],"awaitDrainWriters":null},"_eventsCount":1},"Key":"studio-backend\\amplify-meta.json","Bucket":"[***]ify-[***]ama-[***]ev-[***]77-[***]ment"}])
2025-03-27T03:23:42.888Z|info : amplify-provider-awscloudformation.aws-s3.uploadFile.s3.upload([{"Body":{"fd":null,"path":"C:\\Users\\吉田龍哉\\amplify\\#current-cloud-backend\\backend-config.json","flags":"r","mode":438,"end":null,"bytesRead":0,"_events":{},"_readableState":{"highWaterMark":65536,"buffer":[],"bufferIndex":0,"length":0,"pipes":[],"awaitDrainWriters":null},"_eventsCount":1},"Key":"studio-backend\\backend-config.json","Bucket":"[***]ify-[***]ama-[***]ev-[***]77-[***]ment"}])
2025-03-27T03:23:42.888Z|info : amplify-provider-awscloudformation.aws-s3.uploadFile.s3.upload([{"Body":{"fd":null,"path":"C:\\Users\\吉田龍哉\\amplify\\#current-cloud-backend\\auth\\potyama9dbd4c2a\\build\\parameters.json","flags":"r","mode":438,"end":null,"bytesRead":0,"_events":{},"_readableState":{"highWaterMark":65536,"buffer":[],"bufferIndex":0,"length":0,"pipes":[],"awaitDrainWriters":null},"_eventsCount":1},"Key":"studio-backend\\auth\\potyama9dbd4c2a\\build\\parameters.json","Bucket":"[***]ify-[***]ama-[***]ev-[***]77-[***]ment"}])
2025-03-27T03:23:43.064Z|info : amplify-provider-awscloudformation.amplify-service-manager.s3.uploadFile([{"Key":"[***]ify-[***]json"}])
2025-03-27T03:23:43.065Z|info : amplify-provider-awscloudformation.aws-s3.uploadFile.s3.upload([{"Body":{"fd":null,"path":"C:\\Users\\吉田龍哉\\amplify\\#current-cloud-backend\\[***]ify-[***]json","flags":"r","mode":438,"end":null,"bytesRead":0,"_events":{},"_readableState":{"highWaterMark":65536,"buffer":[],"bufferIndex":0,"length":0,"pipes":[],"awaitDrainWriters":null},"_eventsCount":1},"Key":"amplify-meta.json","Bucket":"[***]ify-[***]ama-[***]ev-[***]77-[***]ment"}])
2025-03-27T03:23:43.212Z|info : amplify-provider-awscloudformation.amplify-service-manager.s3.uploadFile([{"Key":"[***]end-[***].json"}])
2025-03-27T03:23:43.213Z|info : amplify-provider-awscloudformation.aws-s3.uploadFile.s3.upload([{"Body":{"fd":null,"path":"C:\\Users\\吉田龍哉\\amplify\\#current-cloud-backend\\[***]end-[***].json","flags":"r","mode":438,"end":null,"bytesRead":0,"_events":{},"_readableState":{"highWaterMark":65536,"buffer":[],"bufferIndex":0,"length":0,"pipes":[],"awaitDrainWriters":null},"_eventsCount":1},"Key":"backend-config.json","Bucket":"[***]ify-[***]ama-[***]ev-[***]77-[***]ment"}])
2025-03-27T03:23:43.347Z|info : amplify-provider-awscloudformation.display-helpful-urls.showCognitoSandBoxMessage(["potyama9dbd4c2a"])
2025-03-27T03:32:04.192Z|info : amplify pull core  {"appId":"[***]v5ab41","envName":"[***]ev","yes":false}
2025-03-27T03:32:04.224Z|info : @aws-amplify/amplify-cli-core.banner-message/index.ts.fetch banner messages from https://aws-amplify.github.io/amplify-cli/banner-message.json({}
2025-03-27T03:32:05.535Z|info : amplify-provider-awscloudformation.system-config-manager.getProfileConfig(["default"])
2025-03-27T03:32:05.536Z|info : amplify-provider-awscloudformation.system-config-manager.getProfiledAwsConfig.profileConfig([{"region":"ap-northeast-1"}])
2025-03-27T03:32:05.537Z|info : amplify-provider-awscloudformation.system-config-manager.getProfileCredentials(["default"])
2025-03-27T03:32:05.548Z|info : amplify-provider-awscloudformation.system-config-manager.getProfileConfig(["default"])
2025-03-27T03:32:05.548Z|info : amplify-provider-awscloudformation.system-config-manager.getProfiledAwsConfig.profileConfig([{"region":"ap-northeast-1"}])
2025-03-27T03:32:05.548Z|info : amplify-provider-awscloudformation.system-config-manager.getProfileCredentials(["default"])
2025-03-27T03:32:05.553Z|info : amplify-provider-awscloudformation.zip-util.downloadZip.s3.getFile([{"Key":"[***]rent-[***]ud-[***]d.zip"},null])
2025-03-27T03:32:05.554Z|info : amplify-provider-awscloudformation.aws-s3.s3.getFile([{"Key":"[***]rent-[***]ud-[***]d.zip","Bucket":"[***]ify-[***]ama-[***]ev-[***]77-[***]ment"}])
2025-03-27T03:32:05.797Z|info : amplify-provider-awscloudformation.initialize-env.run.cfn.updateamplifyMetaFileWithStackOutputs([{"StackName":"[***]ify-[***]ama-[***]ev-[***]77"}])
2025-03-27T03:32:05.798Z|info : amplify-provider-awscloudformation.system-config-manager.getProfileConfig(["default"])
2025-03-27T03:32:05.798Z|info : amplify-provider-awscloudformation.system-config-manager.getProfiledAwsConfig.profileConfig([{"region":"ap-northeast-1"}])
2025-03-27T03:32:05.798Z|info : amplify-provider-awscloudformation.system-config-manager.getProfileCredentials(["default"])
2025-03-27T03:32:05.805Z|info : amplify-provider-awscloudformation.aws-cfn.updateamplifyMetaFileWithStackOutputs.cfn.listStackResources([{"StackName":"[***]ify-[***]ama-[***]ev-[***]77"}])
2025-03-27T03:32:06.109Z|info : amplify-provider-awscloudformation.aws-cfn.describeStack.cfn.describeStacks([{"StackName":"[***]ify-[***]ama-[***]ev-[***]77"}])
2025-03-27T03:32:06.252Z|info : amplify-provider-awscloudformation.aws-cfn.describeStack.cfn.describeStacks([{"StackName":"[***]rmation:ap-[***]east-[***]41:stack/[***]ify-[***]ama-[***]ev-[***]77-[***]9dbd4c2a-[***]A3GZ4H/[***]83f0-[***]ba-[***]f0-[***]06-[***]b9193"}])
2025-03-27T03:32:06.425Z|info : amplify-provider-awscloudformation.aws-s3.s3.getFile([{"Key":"[***]ify-[***]json","Bucket":"[***]ify-[***]ama-[***]ev-[***]77-[***]ment"}])
2025-03-27T03:32:13.182Z|info : amplify-provider-awscloudformation.system-config-manager.getProfileConfig(["default"])
2025-03-27T03:32:13.183Z|info : amplify-provider-awscloudformation.system-config-manager.getProfiledAwsConfig.profileConfig([{"region":"ap-northeast-1"}])
2025-03-27T03:32:13.183Z|info : amplify-provider-awscloudformation.system-config-manager.getProfileCredentials(["default"])
2025-03-27T03:32:14.425Z|info : amplify-provider-awscloudformation.system-config-manager.getProfileConfig(["default"])
2025-03-27T03:32:14.425Z|info : amplify-provider-awscloudformation.system-config-manager.getProfiledAwsConfig.profileConfig([{"region":"ap-northeast-1"}])
2025-03-27T03:32:14.426Z|info : amplify-provider-awscloudformation.system-config-manager.getProfileCredentials(["default"])
2025-03-27T03:34:28.270Z|info : amplify add api  
2025-03-27T03:34:28.309Z|info : @aws-amplify/amplify-cli-core.banner-message/index.ts.fetch banner messages from https://aws-amplify.github.io/amplify-cli/banner-message.json({}
2025-03-27T03:35:45.049Z|info : amplify add api  
2025-03-27T03:35:45.087Z|info : @aws-amplify/amplify-cli-core.banner-message/index.ts.fetch banner messages from https://aws-amplify.github.io/amplify-cli/banner-message.json({}
2025-03-27T03:37:23.099Z|info : amplify push core  
2025-03-27T03:37:23.141Z|info : @aws-amplify/amplify-cli-core.banner-message/index.ts.fetch banner messages from https://aws-amplify.github.io/amplify-cli/banner-message.json({}
2025-03-27T03:37:26.225Z|info : amplify-provider-awscloudformation.system-config-manager.getProfileConfig(["default"])
2025-03-27T03:37:26.226Z|info : amplify-provider-awscloudformation.system-config-manager.getProfiledAwsConfig.profileConfig([{"region":"ap-northeast-1"}])
2025-03-27T03:37:26.226Z|info : amplify-provider-awscloudformation.system-config-manager.getProfileCredentials(["default"])
2025-03-27T03:37:26.231Z|info : amplify-provider-awscloudformation.zip-util.downloadZip.s3.getFile([{"Key":"[***]rent-[***]ud-[***]d.zip"},null])
2025-03-27T03:37:26.231Z|info : amplify-provider-awscloudformation.aws-s3.s3.getFile([{"Key":"[***]rent-[***]ud-[***]d.zip","Bucket":"[***]ify-[***]ama-[***]ev-[***]77-[***]ment"}])
2025-03-27T03:37:26.456Z|info : amplify-provider-awscloudformation.initialize-env.run.cfn.updateamplifyMetaFileWithStackOutputs([{"StackName":"[***]ify-[***]ama-[***]ev-[***]77"}])
2025-03-27T03:37:26.458Z|info : amplify-provider-awscloudformation.system-config-manager.getProfileConfig(["default"])
2025-03-27T03:37:26.458Z|info : amplify-provider-awscloudformation.system-config-manager.getProfiledAwsConfig.profileConfig([{"region":"ap-northeast-1"}])
2025-03-27T03:37:26.458Z|info : amplify-provider-awscloudformation.system-config-manager.getProfileCredentials(["default"])
2025-03-27T03:37:26.462Z|info : amplify-provider-awscloudformation.aws-cfn.updateamplifyMetaFileWithStackOutputs.cfn.listStackResources([{"StackName":"[***]ify-[***]ama-[***]ev-[***]77"}])
2025-03-27T03:37:26.798Z|info : amplify-provider-awscloudformation.aws-cfn.describeStack.cfn.describeStacks([{"StackName":"[***]ify-[***]ama-[***]ev-[***]77"}])
2025-03-27T03:37:26.948Z|info : amplify-provider-awscloudformation.aws-cfn.describeStack.cfn.describeStacks([{"StackName":"[***]rmation:ap-[***]east-[***]41:stack/[***]ify-[***]ama-[***]ev-[***]77-[***]9dbd4c2a-[***]A3GZ4H/[***]83f0-[***]ba-[***]f0-[***]06-[***]b9193"}])
2025-03-27T03:37:27.093Z|info : amplify-provider-awscloudformation.aws-s3.s3.getFile([{"Key":"[***]ify-[***]json","Bucket":"[***]ify-[***]ama-[***]ev-[***]77-[***]ment"}])
2025-03-27T03:37:29.161Z|info : amplify-provider-awscloudformation.system-config-manager.getProfileConfig(["default"])
2025-03-27T03:37:29.161Z|info : amplify-provider-awscloudformation.system-config-manager.getProfiledAwsConfig.profileConfig([{"region":"ap-northeast-1"}])
2025-03-27T03:37:29.162Z|info : amplify-provider-awscloudformation.system-config-manager.getProfileCredentials(["default"])
2025-03-27T03:37:56.577Z|info : amplify-provider-awscloudformation.upload-appsync-files.uploadAppSyncFiles.upload.s3Client.uploadFile([{"Key":"[***]raphql"}])
2025-03-27T03:37:56.579Z|info : amplify-provider-awscloudformation.aws-s3.uploadFile.s3.upload([{"Key":"[***]ify-[***]ync-[***]es/[***]652f717265b454d3/[***]raphql","Body":{"fd":null,"path":"C:\\Users\\吉田龍哉\\amplify\\backend\\api\\potyama\\build\\schema.graphql","flags":"r","mode":438,"end":null,"bytesRead":0,"_events":{},"_readableState":{"highWaterMark":65536,"buffer":[],"bufferIndex":0,"length":0,"pipes":[],"awaitDrainWriters":null},"_eventsCount":1},"Bucket":"[***]ify-[***]ama-[***]ev-[***]77-[***]ment"}])
2025-03-27T03:37:56.580Z|info : amplify-provider-awscloudformation.upload-appsync-files.uploadAppSyncFiles.upload.s3Client.uploadFile([{"Key":"[***]s.json"}])
2025-03-27T03:37:56.580Z|info : amplify-provider-awscloudformation.aws-s3.uploadFile.s3.upload([{"Key":"[***]ify-[***]ync-[***]es/[***]652f717265b454d3/[***]s.json","Body":{"fd":null,"path":"C:\\Users\\吉田龍哉\\amplify\\backend\\api\\potyama\\build\\parameters.json","flags":"r","mode":438,"end":null,"bytesRead":0,"_events":{},"_readableState":{"highWaterMark":65536,"buffer":[],"bufferIndex":0,"length":0,"pipes":[],"awaitDrainWriters":null},"_eventsCount":1},"Bucket":"[***]ify-[***]ama-[***]ev-[***]77-[***]ment"}])
2025-03-27T03:37:56.580Z|info : amplify-provider-awscloudformation.upload-appsync-files.uploadAppSyncFiles.upload.s3Client.uploadFile([{"Key":"[***]mation-[***]e.json"}])
2025-03-27T03:37:56.581Z|info : amplify-provider-awscloudformation.aws-s3.uploadFile.s3.upload([{"Key":"[***]ify-[***]ync-[***]es/[***]652f717265b454d3/[***]mation-[***]e.json","Body":{"fd":null,"path":"C:\\Users\\吉田龍哉\\amplify\\backend\\api\\potyama\\build\\cloudformation-template.json","flags":"r","mode":438,"end":null,"bytesRead":0,"_events":{},"_readableState":{"highWaterMark":65536,"buffer":[],"bufferIndex":0,"length":0,"pipes":[],"awaitDrainWriters":null},"_eventsCount":1},"Bucket":"[***]ify-[***]ama-[***]ev-[***]77-[***]ment"}])
2025-03-27T03:37:56.581Z|info : amplify-provider-awscloudformation.upload-appsync-files.uploadAppSyncFiles.upload.s3Client.uploadFile([{"Key":"[***]cks/[***]json"}])
2025-03-27T03:37:56.581Z|info : amplify-provider-awscloudformation.aws-s3.uploadFile.s3.upload([{"Key":"[***]ify-[***]ync-[***]es/[***]652f717265b454d3/[***]cks/[***]json","Body":{"fd":null,"path":"C:\\Users\\吉田龍哉\\amplify\\backend\\api\\potyama\\build\\stacks\\Todo.json","flags":"r","mode":438,"end":null,"bytesRead":0,"_events":{},"_readableState":{"highWaterMark":65536,"buffer":[],"bufferIndex":0,"length":0,"pipes":[],"awaitDrainWriters":null},"_eventsCount":1},"Bucket":"[***]ify-[***]ama-[***]ev-[***]77-[***]ment"}])
2025-03-27T03:37:56.581Z|info : amplify-provider-awscloudformation.upload-appsync-files.uploadAppSyncFiles.upload.s3Client.uploadFile([{"Key":"[***]cks/[***]ces.json"}])
2025-03-27T03:37:56.581Z|info : amplify-provider-awscloudformation.aws-s3.uploadFile.s3.upload([{"Key":"[***]ify-[***]ync-[***]es/[***]652f717265b454d3/[***]cks/[***]ces.json","Body":{"fd":null,"path":"C:\\Users\\吉田龍哉\\amplify\\backend\\api\\potyama\\build\\stacks\\CustomResources.json","flags":"r","mode":438,"end":null,"bytesRead":0,"_events":{},"_readableState":{"highWaterMark":65536,"buffer":[],"bufferIndex":0,"length":0,"pipes":[],"awaitDrainWriters":null},"_eventsCount":1},"Bucket":"[***]ify-[***]ama-[***]ev-[***]77-[***]ment"}])
2025-03-27T03:37:56.582Z|info : amplify-provider-awscloudformation.upload-appsync-files.uploadAppSyncFiles.upload.s3Client.uploadFile([{"Key":"[***]vers/[***]teTodo.res.vtl"}])
2025-03-27T03:37:56.582Z|info : amplify-provider-awscloudformation.aws-s3.uploadFile.s3.upload([{"Key":"[***]ify-[***]ync-[***]es/[***]652f717265b454d3/[***]vers/[***]teTodo.res.vtl","Body":{"fd":null,"path":"C:\\Users\\吉田龍哉\\amplify\\backend\\api\\potyama\\build\\resolvers\\Subscription.onUpdateTodo.res.vtl","flags":"r","mode":438,"end":null,"bytesRead":0,"_events":{},"_readableState":{"highWaterMark":65536,"buffer":[],"bufferIndex":0,"length":0,"pipes":[],"awaitDrainWriters":null},"_eventsCount":1},"Bucket":"[***]ify-[***]ama-[***]ev-[***]77-[***]ment"}])
2025-03-27T03:37:56.582Z|info : amplify-provider-awscloudformation.upload-appsync-files.uploadAppSyncFiles.upload.s3Client.uploadFile([{"Key":"[***]vers/[***]teTodo.req.vtl"}])
2025-03-27T03:37:56.582Z|info : amplify-provider-awscloudformation.aws-s3.uploadFile.s3.upload([{"Key":"[***]ify-[***]ync-[***]es/[***]652f717265b454d3/[***]vers/[***]teTodo.req.vtl","Body":{"fd":null,"path":"C:\\Users\\吉田龍哉\\amplify\\backend\\api\\potyama\\build\\resolvers\\Subscription.onUpdateTodo.req.vtl","flags":"r","mode":438,"end":null,"bytesRead":0,"_events":{},"_readableState":{"highWaterMark":65536,"buffer":[],"bufferIndex":0,"length":0,"pipes":[],"awaitDrainWriters":null},"_eventsCount":1},"Bucket":"[***]ify-[***]ama-[***]ev-[***]77-[***]ment"}])
2025-03-27T03:37:56.582Z|info : amplify-provider-awscloudformation.upload-appsync-files.uploadAppSyncFiles.upload.s3Client.uploadFile([{"Key":"[***]vers/[***]postAuth.1.req.vtl"}])
2025-03-27T03:37:56.582Z|info : amplify-provider-awscloudformation.aws-s3.uploadFile.s3.upload([{"Key":"[***]ify-[***]ync-[***]es/[***]652f717265b454d3/[***]vers/[***]postAuth.1.req.vtl","Body":{"fd":null,"path":"C:\\Users\\吉田龍哉\\amplify\\backend\\api\\potyama\\build\\resolvers\\Subscription.onUpdateTodo.postAuth.1.req.vtl","flags":"r","mode":438,"end":null,"bytesRead":0,"_events":{},"_readableState":{"highWaterMark":65536,"buffer":[],"bufferIndex":0,"length":0,"pipes":[],"awaitDrainWriters":null},"_eventsCount":1},"Bucket":"[***]ify-[***]ama-[***]ev-[***]77-[***]ment"}])
2025-03-27T03:37:56.583Z|info : amplify-provider-awscloudformation.upload-appsync-files.uploadAppSyncFiles.upload.s3Client.uploadFile([{"Key":"[***]vers/[***]teTodo.res.vtl"}])
2025-03-27T03:37:56.583Z|info : amplify-provider-awscloudformation.aws-s3.uploadFile.s3.upload([{"Key":"[***]ify-[***]ync-[***]es/[***]652f717265b454d3/[***]vers/[***]teTodo.res.vtl","Body":{"fd":null,"path":"C:\\Users\\吉田龍哉\\amplify\\backend\\api\\potyama\\build\\resolvers\\Subscription.onDeleteTodo.res.vtl","flags":"r","mode":438,"end":null,"bytesRead":0,"_events":{},"_readableState":{"highWaterMark":65536,"buffer":[],"bufferIndex":0,"length":0,"pipes":[],"awaitDrainWriters":null},"_eventsCount":1},"Bucket":"[***]ify-[***]ama-[***]ev-[***]77-[***]ment"}])
2025-03-27T03:37:56.583Z|info : amplify-provider-awscloudformation.upload-appsync-files.uploadAppSyncFiles.upload.s3Client.uploadFile([{"Key":"[***]vers/[***]teTodo.req.vtl"}])
2025-03-27T03:37:56.583Z|info : amplify-provider-awscloudformation.aws-s3.uploadFile.s3.upload([{"Key":"[***]ify-[***]ync-[***]es/[***]652f717265b454d3/[***]vers/[***]teTodo.req.vtl","Body":{"fd":null,"path":"C:\\Users\\吉田龍哉\\amplify\\backend\\api\\potyama\\build\\resolvers\\Subscription.onDeleteTodo.req.vtl","flags":"r","mode":438,"end":null,"bytesRead":0,"_events":{},"_readableState":{"highWaterMark":65536,"buffer":[],"bufferIndex":0,"length":0,"pipes":[],"awaitDrainWriters":null},"_eventsCount":1},"Bucket":"[***]ify-[***]ama-[***]ev-[***]77-[***]ment"}])
2025-03-27T03:37:56.583Z|info : amplify-provider-awscloudformation.upload-appsync-files.uploadAppSyncFiles.upload.s3Client.uploadFile([{"Key":"[***]vers/[***]postAuth.1.req.vtl"}])
2025-03-27T03:37:56.583Z|info : amplify-provider-awscloudformation.aws-s3.uploadFile.s3.upload([{"Key":"[***]ify-[***]ync-[***]es/[***]652f717265b454d3/[***]vers/[***]postAuth.1.req.vtl","Body":{"fd":null,"path":"C:\\Users\\吉田龍哉\\amplify\\backend\\api\\potyama\\build\\resolvers\\Subscription.onDeleteTodo.postAuth.1.req.vtl","flags":"r","mode":438,"end":null,"bytesRead":0,"_events":{},"_readableState":{"highWaterMark":65536,"buffer":[],"bufferIndex":0,"length":0,"pipes":[],"awaitDrainWriters":null},"_eventsCount":1},"Bucket":"[***]ify-[***]ama-[***]ev-[***]77-[***]ment"}])
2025-03-27T03:37:56.583Z|info : amplify-provider-awscloudformation.upload-appsync-files.uploadAppSyncFiles.upload.s3Client.uploadFile([{"Key":"[***]vers/[***]teTodo.res.vtl"}])
2025-03-27T03:37:56.584Z|info : amplify-provider-awscloudformation.aws-s3.uploadFile.s3.upload([{"Key":"[***]ify-[***]ync-[***]es/[***]652f717265b454d3/[***]vers/[***]teTodo.res.vtl","Body":{"fd":null,"path":"C:\\Users\\吉田龍哉\\amplify\\backend\\api\\potyama\\build\\resolvers\\Subscription.onCreateTodo.res.vtl","flags":"r","mode":438,"end":null,"bytesRead":0,"_events":{},"_readableState":{"highWaterMark":65536,"buffer":[],"bufferIndex":0,"length":0,"pipes":[],"awaitDrainWriters":null},"_eventsCount":1},"Bucket":"[***]ify-[***]ama-[***]ev-[***]77-[***]ment"}])
2025-03-27T03:37:56.584Z|info : amplify-provider-awscloudformation.upload-appsync-files.uploadAppSyncFiles.upload.s3Client.uploadFile([{"Key":"[***]vers/[***]teTodo.req.vtl"}])
2025-03-27T03:37:56.584Z|info : amplify-provider-awscloudformation.aws-s3.uploadFile.s3.upload([{"Key":"[***]ify-[***]ync-[***]es/[***]652f717265b454d3/[***]vers/[***]teTodo.req.vtl","Body":{"fd":null,"path":"C:\\Users\\吉田龍哉\\amplify\\backend\\api\\potyama\\build\\resolvers\\Subscription.onCreateTodo.req.vtl","flags":"r","mode":438,"end":null,"bytesRead":0,"_events":{},"_readableState":{"highWaterMark":65536,"buffer":[],"bufferIndex":0,"length":0,"pipes":[],"awaitDrainWriters":null},"_eventsCount":1},"Bucket":"[***]ify-[***]ama-[***]ev-[***]77-[***]ment"}])
2025-03-27T03:37:56.584Z|info : amplify-provider-awscloudformation.upload-appsync-files.uploadAppSyncFiles.upload.s3Client.uploadFile([{"Key":"[***]vers/[***]postAuth.1.req.vtl"}])
2025-03-27T03:37:56.584Z|info : amplify-provider-awscloudformation.aws-s3.uploadFile.s3.upload([{"Key":"[***]ify-[***]ync-[***]es/[***]652f717265b454d3/[***]vers/[***]postAuth.1.req.vtl","Body":{"fd":null,"path":"C:\\Users\\吉田龍哉\\amplify\\backend\\api\\potyama\\build\\resolvers\\Subscription.onCreateTodo.postAuth.1.req.vtl","flags":"r","mode":438,"end":null,"bytesRead":0,"_events":{},"_readableState":{"highWaterMark":65536,"buffer":[],"bufferIndex":0,"length":0,"pipes":[],"awaitDrainWriters":null},"_eventsCount":1},"Bucket":"[***]ify-[***]ama-[***]ev-[***]77-[***]ment"}])
2025-03-27T03:37:56.584Z|info : amplify-provider-awscloudformation.upload-appsync-files.uploadAppSyncFiles.upload.s3Client.uploadFile([{"Key":"[***]vers/[***]os.res.vtl"}])
2025-03-27T03:37:56.584Z|info : amplify-provider-awscloudformation.aws-s3.uploadFile.s3.upload([{"Key":"[***]ify-[***]ync-[***]es/[***]652f717265b454d3/[***]vers/[***]os.res.vtl","Body":{"fd":null,"path":"C:\\Users\\吉田龍哉\\amplify\\backend\\api\\potyama\\build\\resolvers\\Query.listTodos.res.vtl","flags":"r","mode":438,"end":null,"bytesRead":0,"_events":{},"_readableState":{"highWaterMark":65536,"buffer":[],"bufferIndex":0,"length":0,"pipes":[],"awaitDrainWriters":null},"_eventsCount":1},"Bucket":"[***]ify-[***]ama-[***]ev-[***]77-[***]ment"}])
2025-03-27T03:37:56.585Z|info : amplify-provider-awscloudformation.upload-appsync-files.uploadAppSyncFiles.upload.s3Client.uploadFile([{"Key":"[***]vers/[***]os.req.vtl"}])
2025-03-27T03:37:56.585Z|info : amplify-provider-awscloudformation.aws-s3.uploadFile.s3.upload([{"Key":"[***]ify-[***]ync-[***]es/[***]652f717265b454d3/[***]vers/[***]os.req.vtl","Body":{"fd":null,"path":"C:\\Users\\吉田龍哉\\amplify\\backend\\api\\potyama\\build\\resolvers\\Query.listTodos.req.vtl","flags":"r","mode":438,"end":null,"bytesRead":0,"_events":{},"_readableState":{"highWaterMark":65536,"buffer":[],"bufferIndex":0,"length":0,"pipes":[],"awaitDrainWriters":null},"_eventsCount":1},"Bucket":"[***]ify-[***]ama-[***]ev-[***]77-[***]ment"}])
2025-03-27T03:37:56.585Z|info : amplify-provider-awscloudformation.upload-appsync-files.uploadAppSyncFiles.upload.s3Client.uploadFile([{"Key":"[***]vers/[***]Auth.1.req.vtl"}])
2025-03-27T03:37:56.585Z|info : amplify-provider-awscloudformation.aws-s3.uploadFile.s3.upload([{"Key":"[***]ify-[***]ync-[***]es/[***]652f717265b454d3/[***]vers/[***]Auth.1.req.vtl","Body":{"fd":null,"path":"C:\\Users\\吉田龍哉\\amplify\\backend\\api\\potyama\\build\\resolvers\\Query.listTodos.postAuth.1.req.vtl","flags":"r","mode":438,"end":null,"bytesRead":0,"_events":{},"_readableState":{"highWaterMark":65536,"buffer":[],"bufferIndex":0,"length":0,"pipes":[],"awaitDrainWriters":null},"_eventsCount":1},"Bucket":"[***]ify-[***]ama-[***]ev-[***]77-[***]ment"}])
2025-03-27T03:37:56.585Z|info : amplify-provider-awscloudformation.upload-appsync-files.uploadAppSyncFiles.upload.s3Client.uploadFile([{"Key":"[***]vers/[***]o.res.vtl"}])
2025-03-27T03:37:56.586Z|info : amplify-provider-awscloudformation.aws-s3.uploadFile.s3.upload([{"Key":"[***]ify-[***]ync-[***]es/[***]652f717265b454d3/[***]vers/[***]o.res.vtl","Body":{"fd":null,"path":"C:\\Users\\吉田龍哉\\amplify\\backend\\api\\potyama\\build\\resolvers\\Query.getTodo.res.vtl","flags":"r","mode":438,"end":null,"bytesRead":0,"_events":{},"_readableState":{"highWaterMark":65536,"buffer":[],"bufferIndex":0,"length":0,"pipes":[],"awaitDrainWriters":null},"_eventsCount":1},"Bucket":"[***]ify-[***]ama-[***]ev-[***]77-[***]ment"}])
2025-03-27T03:37:56.586Z|info : amplify-provider-awscloudformation.upload-appsync-files.uploadAppSyncFiles.upload.s3Client.uploadFile([{"Key":"[***]vers/[***]o.req.vtl"}])
2025-03-27T03:37:56.586Z|info : amplify-provider-awscloudformation.aws-s3.uploadFile.s3.upload([{"Key":"[***]ify-[***]ync-[***]es/[***]652f717265b454d3/[***]vers/[***]o.req.vtl","Body":{"fd":null,"path":"C:\\Users\\吉田龍哉\\amplify\\backend\\api\\potyama\\build\\resolvers\\Query.getTodo.req.vtl","flags":"r","mode":438,"end":null,"bytesRead":0,"_events":{},"_readableState":{"highWaterMark":65536,"buffer":[],"bufferIndex":0,"length":0,"pipes":[],"awaitDrainWriters":null},"_eventsCount":1},"Bucket":"[***]ify-[***]ama-[***]ev-[***]77-[***]ment"}])
2025-03-27T03:37:56.586Z|info : amplify-provider-awscloudformation.upload-appsync-files.uploadAppSyncFiles.upload.s3Client.uploadFile([{"Key":"[***]vers/[***]uth.1.req.vtl"}])
2025-03-27T03:37:56.586Z|info : amplify-provider-awscloudformation.aws-s3.uploadFile.s3.upload([{"Key":"[***]ify-[***]ync-[***]es/[***]652f717265b454d3/[***]vers/[***]uth.1.req.vtl","Body":{"fd":null,"path":"C:\\Users\\吉田龍哉\\amplify\\backend\\api\\potyama\\build\\resolvers\\Query.getTodo.postAuth.1.req.vtl","flags":"r","mode":438,"end":null,"bytesRead":0,"_events":{},"_readableState":{"highWaterMark":65536,"buffer":[],"bufferIndex":0,"length":0,"pipes":[],"awaitDrainWriters":null},"_eventsCount":1},"Bucket":"[***]ify-[***]ama-[***]ev-[***]77-[***]ment"}])
2025-03-27T03:37:56.586Z|info : amplify-provider-awscloudformation.upload-appsync-files.uploadAppSyncFiles.upload.s3Client.uploadFile([{"Key":"[***]vers/[***]odo.res.vtl"}])
2025-03-27T03:37:56.587Z|info : amplify-provider-awscloudformation.aws-s3.uploadFile.s3.upload([{"Key":"[***]ify-[***]ync-[***]es/[***]652f717265b454d3/[***]vers/[***]odo.res.vtl","Body":{"fd":null,"path":"C:\\Users\\吉田龍哉\\amplify\\backend\\api\\potyama\\build\\resolvers\\Mutation.updateTodo.res.vtl","flags":"r","mode":438,"end":null,"bytesRead":0,"_events":{},"_readableState":{"highWaterMark":65536,"buffer":[],"bufferIndex":0,"length":0,"pipes":[],"awaitDrainWriters":null},"_eventsCount":1},"Bucket":"[***]ify-[***]ama-[***]ev-[***]77-[***]ment"}])
2025-03-27T03:37:56.587Z|info : amplify-provider-awscloudformation.upload-appsync-files.uploadAppSyncFiles.upload.s3Client.uploadFile([{"Key":"[***]vers/[***]odo.req.vtl"}])
2025-03-27T03:37:56.587Z|info : amplify-provider-awscloudformation.aws-s3.uploadFile.s3.upload([{"Key":"[***]ify-[***]ync-[***]es/[***]652f717265b454d3/[***]vers/[***]odo.req.vtl","Body":{"fd":null,"path":"C:\\Users\\吉田龍哉\\amplify\\backend\\api\\potyama\\build\\resolvers\\Mutation.updateTodo.req.vtl","flags":"r","mode":438,"end":null,"bytesRead":0,"_events":{},"_readableState":{"highWaterMark":65536,"buffer":[],"bufferIndex":0,"length":0,"pipes":[],"awaitDrainWriters":null},"_eventsCount":1},"Bucket":"[***]ify-[***]ama-[***]ev-[***]77-[***]ment"}])
2025-03-27T03:37:56.587Z|info : amplify-provider-awscloudformation.upload-appsync-files.uploadAppSyncFiles.upload.s3Client.uploadFile([{"Key":"[***]vers/[***]stAuth.1.req.vtl"}])
2025-03-27T03:37:56.587Z|info : amplify-provider-awscloudformation.aws-s3.uploadFile.s3.upload([{"Key":"[***]ify-[***]ync-[***]es/[***]652f717265b454d3/[***]vers/[***]stAuth.1.req.vtl","Body":{"fd":null,"path":"C:\\Users\\吉田龍哉\\amplify\\backend\\api\\potyama\\build\\resolvers\\Mutation.updateTodo.postAuth.1.req.vtl","flags":"r","mode":438,"end":null,"bytesRead":0,"_events":{},"_readableState":{"highWaterMark":65536,"buffer":[],"bufferIndex":0,"length":0,"pipes":[],"awaitDrainWriters":null},"_eventsCount":1},"Bucket":"[***]ify-[***]ama-[***]ev-[***]77-[***]ment"}])
2025-03-27T03:37:56.588Z|info : amplify-provider-awscloudformation.upload-appsync-files.uploadAppSyncFiles.upload.s3Client.uploadFile([{"Key":"[***]vers/[***]init.1.req.vtl"}])
2025-03-27T03:37:56.588Z|info : amplify-provider-awscloudformation.aws-s3.uploadFile.s3.upload([{"Key":"[***]ify-[***]ync-[***]es/[***]652f717265b454d3/[***]vers/[***]init.1.req.vtl","Body":{"fd":null,"path":"C:\\Users\\吉田龍哉\\amplify\\backend\\api\\potyama\\build\\resolvers\\Mutation.updateTodo.init.1.req.vtl","flags":"r","mode":438,"end":null,"bytesRead":0,"_events":{},"_readableState":{"highWaterMark":65536,"buffer":[],"bufferIndex":0,"length":0,"pipes":[],"awaitDrainWriters":null},"_eventsCount":1},"Bucket":"[***]ify-[***]ama-[***]ev-[***]77-[***]ment"}])
2025-03-27T03:37:56.589Z|info : amplify-provider-awscloudformation.upload-appsync-files.uploadAppSyncFiles.upload.s3Client.uploadFile([{"Key":"[***]vers/[***]odo.res.vtl"}])
2025-03-27T03:37:56.589Z|info : amplify-provider-awscloudformation.aws-s3.uploadFile.s3.upload([{"Key":"[***]ify-[***]ync-[***]es/[***]652f717265b454d3/[***]vers/[***]odo.res.vtl","Body":{"fd":null,"path":"C:\\Users\\吉田龍哉\\amplify\\backend\\api\\potyama\\build\\resolvers\\Mutation.deleteTodo.res.vtl","flags":"r","mode":438,"end":null,"bytesRead":0,"_events":{},"_readableState":{"highWaterMark":65536,"buffer":[],"bufferIndex":0,"length":0,"pipes":[],"awaitDrainWriters":null},"_eventsCount":1},"Bucket":"[***]ify-[***]ama-[***]ev-[***]77-[***]ment"}])
2025-03-27T03:37:56.589Z|info : amplify-provider-awscloudformation.upload-appsync-files.uploadAppSyncFiles.upload.s3Client.uploadFile([{"Key":"[***]vers/[***]odo.req.vtl"}])
2025-03-27T03:37:56.589Z|info : amplify-provider-awscloudformation.aws-s3.uploadFile.s3.upload([{"Key":"[***]ify-[***]ync-[***]es/[***]652f717265b454d3/[***]vers/[***]odo.req.vtl","Body":{"fd":null,"path":"C:\\Users\\吉田龍哉\\amplify\\backend\\api\\potyama\\build\\resolvers\\Mutation.deleteTodo.req.vtl","flags":"r","mode":438,"end":null,"bytesRead":0,"_events":{},"_readableState":{"highWaterMark":65536,"buffer":[],"bufferIndex":0,"length":0,"pipes":[],"awaitDrainWriters":null},"_eventsCount":1},"Bucket":"[***]ify-[***]ama-[***]ev-[***]77-[***]ment"}])
2025-03-27T03:37:56.589Z|info : amplify-provider-awscloudformation.upload-appsync-files.uploadAppSyncFiles.upload.s3Client.uploadFile([{"Key":"[***]vers/[***]stAuth.1.req.vtl"}])
2025-03-27T03:37:56.589Z|info : amplify-provider-awscloudformation.aws-s3.uploadFile.s3.upload([{"Key":"[***]ify-[***]ync-[***]es/[***]652f717265b454d3/[***]vers/[***]stAuth.1.req.vtl","Body":{"fd":null,"path":"C:\\Users\\吉田龍哉\\amplify\\backend\\api\\potyama\\build\\resolvers\\Mutation.deleteTodo.postAuth.1.req.vtl","flags":"r","mode":438,"end":null,"bytesRead":0,"_events":{},"_readableState":{"highWaterMark":65536,"buffer":[],"bufferIndex":0,"length":0,"pipes":[],"awaitDrainWriters":null},"_eventsCount":1},"Bucket":"[***]ify-[***]ama-[***]ev-[***]77-[***]ment"}])
2025-03-27T03:37:56.590Z|info : amplify-provider-awscloudformation.upload-appsync-files.uploadAppSyncFiles.upload.s3Client.uploadFile([{"Key":"[***]vers/[***]odo.res.vtl"}])
2025-03-27T03:37:56.590Z|info : amplify-provider-awscloudformation.aws-s3.uploadFile.s3.upload([{"Key":"[***]ify-[***]ync-[***]es/[***]652f717265b454d3/[***]vers/[***]odo.res.vtl","Body":{"fd":null,"path":"C:\\Users\\吉田龍哉\\amplify\\backend\\api\\potyama\\build\\resolvers\\Mutation.createTodo.res.vtl","flags":"r","mode":438,"end":null,"bytesRead":0,"_events":{},"_readableState":{"highWaterMark":65536,"buffer":[],"bufferIndex":0,"length":0,"pipes":[],"awaitDrainWriters":null},"_eventsCount":1},"Bucket":"[***]ify-[***]ama-[***]ev-[***]77-[***]ment"}])
2025-03-27T03:37:56.590Z|info : amplify-provider-awscloudformation.upload-appsync-files.uploadAppSyncFiles.upload.s3Client.uploadFile([{"Key":"[***]vers/[***]odo.req.vtl"}])
2025-03-27T03:37:56.590Z|info : amplify-provider-awscloudformation.aws-s3.uploadFile.s3.upload([{"Key":"[***]ify-[***]ync-[***]es/[***]652f717265b454d3/[***]vers/[***]odo.req.vtl","Body":{"fd":null,"path":"C:\\Users\\吉田龍哉\\amplify\\backend\\api\\potyama\\build\\resolvers\\Mutation.createTodo.req.vtl","flags":"r","mode":438,"end":null,"bytesRead":0,"_events":{},"_readableState":{"highWaterMark":65536,"buffer":[],"bufferIndex":0,"length":0,"pipes":[],"awaitDrainWriters":null},"_eventsCount":1},"Bucket":"[***]ify-[***]ama-[***]ev-[***]77-[***]ment"}])
2025-03-27T03:37:56.590Z|info : amplify-provider-awscloudformation.upload-appsync-files.uploadAppSyncFiles.upload.s3Client.uploadFile([{"Key":"[***]vers/[***]stAuth.1.req.vtl"}])
2025-03-27T03:37:56.590Z|info : amplify-provider-awscloudformation.aws-s3.uploadFile.s3.upload([{"Key":"[***]ify-[***]ync-[***]es/[***]652f717265b454d3/[***]vers/[***]stAuth.1.req.vtl","Body":{"fd":null,"path":"C:\\Users\\吉田龍哉\\amplify\\backend\\api\\potyama\\build\\resolvers\\Mutation.createTodo.postAuth.1.req.vtl","flags":"r","mode":438,"end":null,"bytesRead":0,"_events":{},"_readableState":{"highWaterMark":65536,"buffer":[],"bufferIndex":0,"length":0,"pipes":[],"awaitDrainWriters":null},"_eventsCount":1},"Bucket":"[***]ify-[***]ama-[***]ev-[***]77-[***]ment"}])
2025-03-27T03:37:56.591Z|info : amplify-provider-awscloudformation.upload-appsync-files.uploadAppSyncFiles.upload.s3Client.uploadFile([{"Key":"[***]vers/[***]init.1.req.vtl"}])
2025-03-27T03:37:56.591Z|info : amplify-provider-awscloudformation.aws-s3.uploadFile.s3.upload([{"Key":"[***]ify-[***]ync-[***]es/[***]652f717265b454d3/[***]vers/[***]init.1.req.vtl","Body":{"fd":null,"path":"C:\\Users\\吉田龍哉\\amplify\\backend\\api\\potyama\\build\\resolvers\\Mutation.createTodo.init.1.req.vtl","flags":"r","mode":438,"end":null,"bytesRead":0,"_events":{},"_readableState":{"highWaterMark":65536,"buffer":[],"bufferIndex":0,"length":0,"pipes":[],"awaitDrainWriters":null},"_eventsCount":1},"Bucket":"[***]ify-[***]ama-[***]ev-[***]77-[***]ment"}])
2025-03-27T03:38:12.320Z|info : amplify-provider-awscloudformation.push-resources.uploadTemplateToS3.s3.uploadFile([{"Key":"[***]ify-[***]fn-[***]ates/[***]pi/[***]mation-[***]e.json"}])
2025-03-27T03:38:12.320Z|info : amplify-provider-awscloudformation.aws-s3.uploadFile.s3.upload([{"Body":{"fd":null,"path":"C:\\Users\\吉田龍哉\\amplify\\backend\\awscloudformation\\build\\api\\potyama\\build\\cloudformation-template.json","flags":"r","mode":438,"end":null,"bytesRead":0,"_events":{},"_readableState":{"highWaterMark":65536,"buffer":[],"bufferIndex":0,"length":0,"pipes":[],"awaitDrainWriters":null},"_eventsCount":1},"Key":"[***]ify-[***]fn-[***]ates/[***]pi/[***]mation-[***]e.json","Bucket":"[***]ify-[***]ama-[***]ev-[***]77-[***]ment"}])
2025-03-27T03:38:12.972Z|info : amplify-provider-awscloudformation.system-config-manager.getProfileConfig(["default"])
2025-03-27T03:38:12.973Z|info : amplify-provider-awscloudformation.system-config-manager.getProfiledAwsConfig.profileConfig([{"region":"ap-northeast-1"}])
2025-03-27T03:38:12.973Z|info : amplify-provider-awscloudformation.system-config-manager.getProfileCredentials(["default"])
2025-03-27T03:38:12.974Z|info : amplify-provider-awscloudformation.aws-cfn.updateCloudFormationNestedStack(["C:\\Users\\吉田龍哉\\amplify\\backend\\awscloudformation","C:\\Users\\吉田龍哉\\amplify\\backend\\awscloudformation\\build\\awscloudformation\\build\\root-cloudformation-stack.json"])
2025-03-27T03:38:12.977Z|info : amplify-provider-awscloudformation.aws-cfn.updateResourceStack.s3.uploadFile([{}])
2025-03-27T03:38:12.977Z|info : amplify-provider-awscloudformation.aws-s3.uploadFile.s3.upload([{"Body":{"fd":null,"path":"C:\\Users\\吉田龍哉\\amplify\\backend\\awscloudformation\\build\\awscloudformation\\build\\[***]ot-[***]mation-[***]json","flags":"r","mode":438,"end":null,"bytesRead":0,"_events":{},"_readableState":{"highWaterMark":65536,"buffer":[],"bufferIndex":0,"length":0,"pipes":[],"awaitDrainWriters":null},"_eventsCount":1},"Key":"root-cloudformation-stack.json","Bucket":"[***]ify-[***]ama-[***]ev-[***]77-[***]ment"}])
2025-03-27T03:38:13.119Z|info : amplify-provider-awscloudformation.aws-cfn.updateResourceStack.describeStack([{"StackName":"[***]ify-[***]ama-[***]ev-[***]77"}])
2025-03-27T03:38:13.120Z|info : amplify-provider-awscloudformation.aws-cfn.describeStack.cfn.describeStacks([{"StackName":"[***]ify-[***]ama-[***]ev-[***]77"}])
2025-03-27T03:38:13.255Z|info : amplify-provider-awscloudformation.aws-cfn.updateResourceStack.updateStack([{"StackName":"[***]ify-[***]ama-[***]ev-[***]77"}])
2025-03-27T03:38:18.785Z|info : amplify-provider-awscloudformation.aws-cfn.getStackEvents.cfnModel.describeStackEvents([{"StackName":"[***]ify-[***]ama-[***]ev-[***]77"}])
2025-03-27T03:38:18.969Z|info : amplify-provider-awscloudformation.aws-cfn.getStackEvents.cfnModel.describeStackEvents([{"StackName":"[***]rmation:ap-[***]east-[***]41:stack/[***]ify-[***]ama-[***]ev-[***]77-[***]9dbd4c2a-[***]A3GZ4H/[***]83f0-[***]ba-[***]f0-[***]06-[***]b9193"}])
2025-03-27T03:38:19.078Z|info : amplify-provider-awscloudformation.aws-cfn.getStackEvents.cfnModel.describeStackEvents([{"StackName":"[***]rmation:ap-[***]east-[***]41:stack/[***]ify-[***]ama-[***]ev-[***]77-[***]yama-[***]S554IO/[***]aa00-[***]bc-[***]f0-[***]79-[***]4f7df"}])
2025-03-27T03:38:19.171Z|info : amplify-provider-awscloudformation.aws-cfn.getStackEvents.cfnModel.describeStackEvents([{"StackName":"[***]rmation:ap-[***]east-[***]41:stack/[***]ify-[***]ama-[***]ev-[***]77/[***]cd80-[***]a7-[***]f0-[***]b3-[***]3fb77"}])
2025-03-27T03:38:19.356Z|info : amplify-provider-awscloudformation.aws-cfn.getStackEvents.cfnModel.describeStackEvents([{"StackName":"[***]rmation:ap-[***]east-[***]41:stack/[***]ify-[***]ama-[***]ev-[***]77-[***]9dbd4c2a-[***]A3GZ4H/[***]83f0-[***]ba-[***]f0-[***]06-[***]b9193"}])
2025-03-27T03:38:19.452Z|info : amplify-provider-awscloudformation.aws-cfn.getStackEvents.cfnModel.describeStackEvents([{"StackName":"[***]rmation:ap-[***]east-[***]41:stack/[***]ify-[***]ama-[***]ev-[***]77-[***]yama-[***]S554IO/[***]aa00-[***]bc-[***]f0-[***]79-[***]4f7df"}])
2025-03-27T03:38:23.794Z|info : amplify-provider-awscloudformation.aws-cfn.getStackEvents.cfnModel.describeStackEvents([{"StackName":"[***]ify-[***]ama-[***]ev-[***]77"}])
2025-03-27T03:38:23.980Z|info : amplify-provider-awscloudformation.aws-cfn.getStackEvents.cfnModel.describeStackEvents([{"StackName":"[***]rmation:ap-[***]east-[***]41:stack/[***]ify-[***]ama-[***]ev-[***]77-[***]yama-[***]S554IO/[***]aa00-[***]bc-[***]f0-[***]79-[***]4f7df"}])
2025-03-27T03:38:24.072Z|info : amplify-provider-awscloudformation.aws-cfn.getStackEvents.cfnModel.describeStackEvents([{"StackName":"[***]rmation:ap-[***]east-[***]41:stack/[***]ify-[***]ama-[***]ev-[***]77/[***]cd80-[***]a7-[***]f0-[***]b3-[***]3fb77"}])
2025-03-27T03:38:24.257Z|info : amplify-provider-awscloudformation.aws-cfn.getStackEvents.cfnModel.describeStackEvents([{"StackName":"[***]rmation:ap-[***]east-[***]41:stack/[***]ify-[***]ama-[***]ev-[***]77-[***]yama-[***]S554IO/[***]aa00-[***]bc-[***]f0-[***]79-[***]4f7df"}])
2025-03-27T03:38:33.809Z|info : amplify-provider-awscloudformation.aws-cfn.getStackEvents.cfnModel.describeStackEvents([{"StackName":"[***]ify-[***]ama-[***]ev-[***]77"}])
2025-03-27T03:38:34.140Z|info : amplify-provider-awscloudformation.aws-cfn.getStackEvents.cfnModel.describeStackEvents([{"StackName":"[***]rmation:ap-[***]east-[***]41:stack/[***]ify-[***]ama-[***]ev-[***]77-[***]yama-[***]S554IO/[***]aa00-[***]bc-[***]f0-[***]79-[***]4f7df"}])
2025-03-27T03:38:34.232Z|info : amplify-provider-awscloudformation.aws-cfn.getStackEvents.cfnModel.describeStackEvents([{"StackName":"[***]rmation:ap-[***]east-[***]41:stack/[***]ify-[***]ama-[***]ev-[***]77/[***]cd80-[***]a7-[***]f0-[***]b3-[***]3fb77"}])
2025-03-27T03:38:34.401Z|info : amplify-provider-awscloudformation.aws-cfn.getStackEvents.cfnModel.describeStackEvents([{"StackName":"[***]rmation:ap-[***]east-[***]41:stack/[***]ify-[***]ama-[***]ev-[***]77-[***]yama-[***]S554IO/[***]aa00-[***]bc-[***]f0-[***]79-[***]4f7df"}])
2025-03-27T03:38:53.811Z|info : amplify-provider-awscloudformation.aws-cfn.getStackEvents.cfnModel.describeStackEvents([{"StackName":"[***]ify-[***]ama-[***]ev-[***]77"}])
2025-03-27T03:38:54.028Z|info : amplify-provider-awscloudformation.aws-cfn.getStackEvents.cfnModel.describeStackEvents([{"StackName":"[***]rmation:ap-[***]east-[***]41:stack/[***]ify-[***]ama-[***]ev-[***]77-[***]yama-[***]S554IO/[***]aa00-[***]bc-[***]f0-[***]79-[***]4f7df"}])
2025-03-27T03:38:54.121Z|info : amplify-provider-awscloudformation.aws-cfn.getStackEvents.cfnModel.describeStackEvents([{"StackName":"[***]rmation:ap-[***]east-[***]41:stack/[***]ify-[***]ama-[***]ev-[***]77/[***]cd80-[***]a7-[***]f0-[***]b3-[***]3fb77"}])
2025-03-27T03:38:54.214Z|info : amplify-provider-awscloudformation.aws-cfn.getStackEvents.cfnModel.describeStackEvents([{"StackName":"[***]rmation:ap-[***]east-[***]41:stack/[***]ify-[***]ama-[***]ev-[***]77-[***]yama-[***]S554IO-[***]do-[***]UYHVX/[***]6810-[***]bc-[***]f0-[***]cf-[***]67815"}])
2025-03-27T03:38:54.339Z|info : amplify-provider-awscloudformation.aws-cfn.getStackEvents.cfnModel.describeStackEvents([{"StackName":"[***]rmation:ap-[***]east-[***]41:stack/[***]ify-[***]ama-[***]ev-[***]77-[***]yama-[***]S554IO/[***]aa00-[***]bc-[***]f0-[***]79-[***]4f7df"}])
2025-03-27T03:38:54.476Z|info : amplify-provider-awscloudformation.aws-cfn.getStackEvents.cfnModel.describeStackEvents([{"StackName":"[***]rmation:ap-[***]east-[***]41:stack/[***]ify-[***]ama-[***]ev-[***]77-[***]yama-[***]S554IO-[***]do-[***]UYHVX/[***]6810-[***]bc-[***]f0-[***]cf-[***]67815"}])
2025-03-27T03:39:23.825Z|info : amplify-provider-awscloudformation.aws-cfn.getStackEvents.cfnModel.describeStackEvents([{"StackName":"[***]ify-[***]ama-[***]ev-[***]77"}])
2025-03-27T03:39:23.996Z|info : amplify-provider-awscloudformation.aws-cfn.getStackEvents.cfnModel.describeStackEvents([{"StackName":"[***]rmation:ap-[***]east-[***]41:stack/[***]ify-[***]ama-[***]ev-[***]77-[***]yama-[***]S554IO/[***]aa00-[***]bc-[***]f0-[***]79-[***]4f7df"}])
2025-03-27T03:39:24.104Z|info : amplify-provider-awscloudformation.aws-cfn.getStackEvents.cfnModel.describeStackEvents([{"StackName":"[***]rmation:ap-[***]east-[***]41:stack/[***]ify-[***]ama-[***]ev-[***]77/[***]cd80-[***]a7-[***]f0-[***]b3-[***]3fb77"}])
2025-03-27T03:39:24.290Z|info : amplify-provider-awscloudformation.aws-cfn.getStackEvents.cfnModel.describeStackEvents([{"StackName":"[***]rmation:ap-[***]east-[***]41:stack/[***]ify-[***]ama-[***]ev-[***]77-[***]yama-[***]S554IO/[***]aa00-[***]bc-[***]f0-[***]79-[***]4f7df"}])
2025-03-27T03:39:53.818Z|info : amplify-provider-awscloudformation.aws-cfn.getStackEvents.cfnModel.describeStackEvents([{"StackName":"[***]ify-[***]ama-[***]ev-[***]77"}])
2025-03-27T03:39:54.004Z|info : amplify-provider-awscloudformation.aws-cfn.getStackEvents.cfnModel.describeStackEvents([{"StackName":"[***]rmation:ap-[***]east-[***]41:stack/[***]ify-[***]ama-[***]ev-[***]77/[***]cd80-[***]a7-[***]f0-[***]b3-[***]3fb77"}])
2025-03-27T03:40:14.590Z|info : amplify-provider-awscloudformation.aws-cfn.updateamplifyMetaFileWithStackOutputs.cfn.listStackResources([{"StackName":"[***]ify-[***]ama-[***]ev-[***]77"}])
2025-03-27T03:40:14.770Z|info : amplify-provider-awscloudformation.aws-cfn.describeStack.cfn.describeStacks([{"StackName":"[***]ify-[***]ama-[***]ev-[***]77"}])
2025-03-27T03:40:14.901Z|info : amplify-provider-awscloudformation.aws-cfn.describeStack.cfn.describeStacks([{"StackName":"[***]rmation:ap-[***]east-[***]41:stack/[***]ify-[***]ama-[***]ev-[***]77-[***]yama-[***]S554IO/[***]aa00-[***]bc-[***]f0-[***]79-[***]4f7df"}])
2025-03-27T03:40:14.903Z|info : amplify-provider-awscloudformation.aws-cfn.describeStack.cfn.describeStacks([{"StackName":"[***]rmation:ap-[***]east-[***]41:stack/[***]ify-[***]ama-[***]ev-[***]77-[***]9dbd4c2a-[***]A3GZ4H/[***]83f0-[***]ba-[***]f0-[***]06-[***]b9193"}])
2025-03-27T03:40:15.069Z|info : amplify-provider-awscloudformation.aws-s3.deleteObject.s3([{"BucketName":"[***]ify-[***]ama-[***]ev-[***]77-[***]ment","FilePath":"deployment-state.json"}])
2025-03-27T03:40:15.069Z|info : amplify-provider-awscloudformation.aws-s3.checkExistObject.s3([{"BucketName":"[***]ify-[***]ama-[***]ev-[***]77-[***]ment","FilePath":"deployment-state.json"}])
2025-03-27T03:40:15.197Z|info : amplify-provider-awscloudformation.aws-s3.checkExistObject.s3([{"BucketName":"[***]ify-[***]ama-[***]ev-[***]77-[***]ment","FilePath":"deployment-state.json","Error":"NotFound"}])
2025-03-27T03:40:15.210Z|info : amplify-provider-awscloudformation.system-config-manager.getProfileConfig(["default"])
2025-03-27T03:40:15.210Z|info : amplify-provider-awscloudformation.system-config-manager.getProfiledAwsConfig.profileConfig([{"region":"ap-northeast-1"}])
2025-03-27T03:40:15.210Z|info : amplify-provider-awscloudformation.system-config-manager.getProfileCredentials(["default"])
2025-03-27T03:40:15.217Z|info : amplify-provider-awscloudformation.utility-functions.getIntrospectionSchema.appSyncModel.appSync.getIntrospectionSchema([{"apiId":"[***]jkfbqdvqnve","format":"JSON"}])
2025-03-27T03:40:15.791Z|info : amplify-provider-awscloudformation.system-config-manager.getProfileConfig(["default"])
2025-03-27T03:40:15.791Z|info : amplify-provider-awscloudformation.system-config-manager.getProfiledAwsConfig.profileConfig([{"region":"ap-northeast-1"}])
2025-03-27T03:40:15.791Z|info : amplify-provider-awscloudformation.system-config-manager.getProfileCredentials(["default"])
2025-03-27T03:40:16.591Z|info : amplify-provider-awscloudformation.upload-current-cloud-backend.storeCurrentCloudBackend.s3.uploadFile([{"Key":"[***]rent-[***]ud-[***]d.zip"}])
2025-03-27T03:40:16.592Z|info : amplify-provider-awscloudformation.aws-s3.uploadFile.s3.upload([{"Body":{"fd":null,"path":"C:\\Users\\吉田龍哉\\amplify\\backend\\.temp\\[***]rent-[***]ud-[***]d.zip","flags":"r","mode":438,"end":null,"bytesRead":0,"_events":{},"_readableState":{"highWaterMark":65536,"buffer":[],"bufferIndex":0,"length":0,"pipes":[],"awaitDrainWriters":null},"_eventsCount":1},"Key":"#current-cloud-backend.zip","Bucket":"[***]ify-[***]ama-[***]ev-[***]77-[***]ment"}])
2025-03-27T03:40:16.800Z|info : amplify-provider-awscloudformation.aws-s3.deleteDirectory.s3.getAllObjectVersions([{"BucketName":"[***]ify-[***]ama-[***]ev-[***]77-[***]ment"}])
2025-03-27T03:40:16.800Z|info : amplify-provider-awscloudformation.aws-s3.getAllObjectKey.s3.listObjectVersions([{"Bucket":"[***]ify-[***]ama-[***]ev-[***]77-[***]ment","Prefix":"studio-backend"}])
2025-03-27T03:40:17.052Z|info : amplify-provider-awscloudformation.aws-s3.deleteAllObjects.s3.deleteObjects (0 of 1)([{"Bucket":"[***]ify-[***]ama-[***]ev-[***]77-[***]ment"}])
2025-03-27T03:40:17.295Z|info : amplify-provider-awscloudformation.aws-s3.uploadFile.s3.upload([{"Body":{"fd":null,"path":"C:\\Users\\吉田龍哉\\amplify\\cli.json","flags":"r","mode":438,"end":null,"bytesRead":0,"_events":{},"_readableState":{"highWaterMark":65536,"buffer":[],"bufferIndex":0,"length":0,"pipes":[],"awaitDrainWriters":null},"_eventsCount":1},"Key":"studio-backend\\cli.json","Bucket":"[***]ify-[***]ama-[***]ev-[***]77-[***]ment"}])
2025-03-27T03:40:17.295Z|info : amplify-provider-awscloudformation.aws-s3.uploadFile.s3.upload([{"Body":{"fd":null,"path":"C:\\Users\\吉田龍哉\\amplify\\#current-cloud-backend\\amplify-meta.json","flags":"r","mode":438,"end":null,"bytesRead":0,"_events":{},"_readableState":{"highWaterMark":65536,"buffer":[],"bufferIndex":0,"length":0,"pipes":[],"awaitDrainWriters":null},"_eventsCount":1},"Key":"studio-backend\\amplify-meta.json","Bucket":"[***]ify-[***]ama-[***]ev-[***]77-[***]ment"}])
2025-03-27T03:40:17.296Z|info : amplify-provider-awscloudformation.aws-s3.uploadFile.s3.upload([{"Body":{"fd":null,"path":"C:\\Users\\吉田龍哉\\amplify\\#current-cloud-backend\\backend-config.json","flags":"r","mode":438,"end":null,"bytesRead":0,"_events":{},"_readableState":{"highWaterMark":65536,"buffer":[],"bufferIndex":0,"length":0,"pipes":[],"awaitDrainWriters":null},"_eventsCount":1},"Key":"studio-backend\\backend-config.json","Bucket":"[***]ify-[***]ama-[***]ev-[***]77-[***]ment"}])
2025-03-27T03:40:17.296Z|info : amplify-provider-awscloudformation.aws-s3.uploadFile.s3.upload([{"Body":{"fd":null,"path":"C:\\Users\\吉田龍哉\\amplify\\#current-cloud-backend\\api\\potyama\\build\\schema.graphql","flags":"r","mode":438,"end":null,"bytesRead":0,"_events":{},"_readableState":{"highWaterMark":65536,"buffer":[],"bufferIndex":0,"length":0,"pipes":[],"awaitDrainWriters":null},"_eventsCount":1},"Key":"studio-backend\\api\\potyama\\build\\schema.graphql","Bucket":"[***]ify-[***]ama-[***]ev-[***]77-[***]ment"}])
2025-03-27T03:40:17.296Z|info : amplify-provider-awscloudformation.aws-s3.uploadFile.s3.upload([{"Body":{"fd":null,"path":"C:\\Users\\吉田龍哉\\amplify\\#current-cloud-backend\\api\\potyama\\schema.graphql","flags":"r","mode":438,"end":null,"bytesRead":0,"_events":{},"_readableState":{"highWaterMark":65536,"buffer":[],"bufferIndex":0,"length":0,"pipes":[],"awaitDrainWriters":null},"_eventsCount":1},"Key":"studio-backend\\api\\potyama\\schema.graphql","Bucket":"[***]ify-[***]ama-[***]ev-[***]77-[***]ment"}])
2025-03-27T03:40:17.296Z|info : amplify-provider-awscloudformation.aws-s3.uploadFile.s3.upload([{"Body":{"fd":null,"path":"C:\\Users\\吉田龍哉\\amplify\\#current-cloud-backend\\api\\potyama\\transform.conf.json","flags":"r","mode":438,"end":null,"bytesRead":0,"_events":{},"_readableState":{"highWaterMark":65536,"buffer":[],"bufferIndex":0,"length":0,"pipes":[],"awaitDrainWriters":null},"_eventsCount":1},"Key":"studio-backend\\api\\potyama\\transform.conf.json","Bucket":"[***]ify-[***]ama-[***]ev-[***]77-[***]ment"}])
2025-03-27T03:40:17.296Z|info : amplify-provider-awscloudformation.aws-s3.uploadFile.s3.upload([{"Body":{"fd":null,"path":"C:\\Users\\吉田龍哉\\amplify\\#current-cloud-backend\\api\\potyama\\build\\parameters.json","flags":"r","mode":438,"end":null,"bytesRead":0,"_events":{},"_readableState":{"highWaterMark":65536,"buffer":[],"bufferIndex":0,"length":0,"pipes":[],"awaitDrainWriters":null},"_eventsCount":1},"Key":"studio-backend\\api\\potyama\\build\\parameters.json","Bucket":"[***]ify-[***]ama-[***]ev-[***]77-[***]ment"}])
2025-03-27T03:40:17.296Z|info : amplify-provider-awscloudformation.aws-s3.uploadFile.s3.upload([{"Body":{"fd":null,"path":"C:\\Users\\吉田龍哉\\amplify\\#current-cloud-backend\\api\\potyama\\parameters.json","flags":"r","mode":438,"end":null,"bytesRead":0,"_events":{},"_readableState":{"highWaterMark":65536,"buffer":[],"bufferIndex":0,"length":0,"pipes":[],"awaitDrainWriters":null},"_eventsCount":1},"Key":"studio-backend\\api\\potyama\\parameters.json","Bucket":"[***]ify-[***]ama-[***]ev-[***]77-[***]ment"}])
2025-03-27T03:40:17.296Z|info : amplify-provider-awscloudformation.aws-s3.uploadFile.s3.upload([{"Body":{"fd":null,"path":"C:\\Users\\吉田龍哉\\amplify\\#current-cloud-backend\\auth\\potyama9dbd4c2a\\build\\parameters.json","flags":"r","mode":438,"end":null,"bytesRead":0,"_events":{},"_readableState":{"highWaterMark":65536,"buffer":[],"bufferIndex":0,"length":0,"pipes":[],"awaitDrainWriters":null},"_eventsCount":1},"Key":"studio-backend\\auth\\potyama9dbd4c2a\\build\\parameters.json","Bucket":"[***]ify-[***]ama-[***]ev-[***]77-[***]ment"}])
2025-03-27T03:40:17.442Z|info : amplify-provider-awscloudformation.amplify-service-manager.s3.uploadFile([{"Key":"[***]ify-[***]json"}])
2025-03-27T03:40:17.442Z|info : amplify-provider-awscloudformation.aws-s3.uploadFile.s3.upload([{"Body":{"fd":null,"path":"C:\\Users\\吉田龍哉\\amplify\\#current-cloud-backend\\[***]ify-[***]json","flags":"r","mode":438,"end":null,"bytesRead":0,"_events":{},"_readableState":{"highWaterMark":65536,"buffer":[],"bufferIndex":0,"length":0,"pipes":[],"awaitDrainWriters":null},"_eventsCount":1},"Key":"amplify-meta.json","Bucket":"[***]ify-[***]ama-[***]ev-[***]77-[***]ment"}])
2025-03-27T03:40:17.543Z|info : amplify-provider-awscloudformation.amplify-service-manager.s3.uploadFile([{"Key":"[***]end-[***].json"}])
2025-03-27T03:40:17.544Z|info : amplify-provider-awscloudformation.aws-s3.uploadFile.s3.upload([{"Body":{"fd":null,"path":"C:\\Users\\吉田龍哉\\amplify\\#current-cloud-backend\\[***]end-[***].json","flags":"r","mode":438,"end":null,"bytesRead":0,"_events":{},"_readableState":{"highWaterMark":65536,"buffer":[],"bufferIndex":0,"length":0,"pipes":[],"awaitDrainWriters":null},"_eventsCount":1},"Key":"backend-config.json","Bucket":"[***]ify-[***]ama-[***]ev-[***]77-[***]ment"}])
2025-03-27T03:40:19.554Z|info : amplify-provider-awscloudformation.aws-s3.uploadFile.s3.upload([{"Body":{"fd":null,"path":"C:\\Users\\吉田龍哉\\amplify\\backend\\api\\potyama\\schema.graphql","flags":"r","mode":438,"end":null,"bytesRead":0,"_events":{},"_readableState":{"highWaterMark":65536,"buffer":[],"bufferIndex":0,"length":0,"pipes":[],"awaitDrainWriters":null},"_eventsCount":1},"Key":"[***]els/[***]ama/[***]raphql","Bucket":"[***]ify-[***]ama-[***]ev-[***]77-[***]ment"}])
2025-03-27T03:40:19.554Z|info : amplify-provider-awscloudformation.aws-s3.uploadFile.s3.upload([{"Body":{"fd":null,"path":"C:\\Users\\吉田龍哉\\amplify-codegen-temp\\models\\schema.js","flags":"r","mode":438,"end":null,"bytesRead":0,"_events":{},"_readableState":{"highWaterMark":65536,"buffer":[],"bufferIndex":0,"length":0,"pipes":[],"awaitDrainWriters":null},"_eventsCount":1},"Key":"[***]els/[***]ama/[***]a.js","Bucket":"[***]ify-[***]ama-[***]ev-[***]77-[***]ment"}])
2025-03-27T03:40:19.554Z|info : amplify-provider-awscloudformation.aws-s3.uploadFile.s3.upload([{"Body":{"fd":null,"path":"C:\\Users\\吉田龍哉\\amplify-codegen-temp\\model-introspection.json","flags":"r","mode":438,"end":null,"bytesRead":0,"_events":{},"_readableState":{"highWaterMark":65536,"buffer":[],"bufferIndex":0,"length":0,"pipes":[],"awaitDrainWriters":null},"_eventsCount":1},"Key":"[***]els/[***]ama/[***]ction.json","Bucket":"[***]ify-[***]ama-[***]ev-[***]77-[***]ment"}])
2025-03-27T03:40:20.964Z|info : amplify-provider-awscloudformation.system-config-manager.getProfileConfig(["default"])
2025-03-27T03:40:20.964Z|info : amplify-provider-awscloudformation.system-config-manager.getProfiledAwsConfig.profileConfig([{"region":"ap-northeast-1"}])
2025-03-27T03:40:20.965Z|info : amplify-provider-awscloudformation.system-config-manager.getProfileCredentials(["default"])
2025-03-27T03:40:34.401Z|info : amplify console core  
2025-03-27T03:40:34.440Z|info : @aws-amplify/amplify-cli-core.banner-message/index.ts.fetch banner messages from https://aws-amplify.github.io/amplify-cli/banner-message.json({}
2025-03-27T03:48:30.411Z|info : amplify pull core  
2025-03-27T03:48:30.444Z|info : @aws-amplify/amplify-cli-core.banner-message/index.ts.fetch banner messages from https://aws-amplify.github.io/amplify-cli/banner-message.json({}
2025-03-27T03:48:31.834Z|info : amplify-provider-awscloudformation.system-config-manager.getProfileConfig(["default"])
2025-03-27T03:48:31.834Z|info : amplify-provider-awscloudformation.system-config-manager.getProfiledAwsConfig.profileConfig([{"region":"ap-northeast-1"}])
2025-03-27T03:48:31.835Z|info : amplify-provider-awscloudformation.system-config-manager.getProfileCredentials(["default"])
2025-03-27T03:48:32.915Z|info : amplify-provider-awscloudformation.system-config-manager.getProfileConfig(["default"])
2025-03-27T03:48:32.915Z|info : amplify-provider-awscloudformation.system-config-manager.getProfiledAwsConfig.profileConfig([{"region":"ap-northeast-1"}])
2025-03-27T03:48:32.915Z|info : amplify-provider-awscloudformation.system-config-manager.getProfileCredentials(["default"])
2025-03-27T03:48:32.919Z|info : amplify-provider-awscloudformation.zip-util.downloadZip.s3.getFile([{"Key":"[***]rent-[***]ud-[***]d.zip"},null])
2025-03-27T03:48:32.920Z|info : amplify-provider-awscloudformation.aws-s3.s3.getFile([{"Key":"[***]rent-[***]ud-[***]d.zip","Bucket":"[***]ify-[***]ama-[***]ev-[***]77-[***]ment"}])
2025-03-27T03:48:33.342Z|info : amplify-provider-awscloudformation.initialize-env.run.cfn.updateamplifyMetaFileWithStackOutputs([{"StackName":"[***]ify-[***]ama-[***]ev-[***]77"}])
2025-03-27T03:48:33.343Z|info : amplify-provider-awscloudformation.system-config-manager.getProfileConfig(["default"])
2025-03-27T03:48:33.343Z|info : amplify-provider-awscloudformation.system-config-manager.getProfiledAwsConfig.profileConfig([{"region":"ap-northeast-1"}])
2025-03-27T03:48:33.343Z|info : amplify-provider-awscloudformation.system-config-manager.getProfileCredentials(["default"])
2025-03-27T03:48:33.349Z|info : amplify-provider-awscloudformation.aws-cfn.updateamplifyMetaFileWithStackOutputs.cfn.listStackResources([{"StackName":"[***]ify-[***]ama-[***]ev-[***]77"}])
2025-03-27T03:48:33.657Z|info : amplify-provider-awscloudformation.aws-cfn.describeStack.cfn.describeStacks([{"StackName":"[***]ify-[***]ama-[***]ev-[***]77"}])
2025-03-27T03:48:33.802Z|info : amplify-provider-awscloudformation.aws-cfn.describeStack.cfn.describeStacks([{"StackName":"[***]rmation:ap-[***]east-[***]41:stack/[***]ify-[***]ama-[***]ev-[***]77-[***]yama-[***]S554IO/[***]aa00-[***]bc-[***]f0-[***]79-[***]4f7df"}])
2025-03-27T03:48:33.803Z|info : amplify-provider-awscloudformation.aws-cfn.describeStack.cfn.describeStacks([{"StackName":"[***]rmation:ap-[***]east-[***]41:stack/[***]ify-[***]ama-[***]ev-[***]77-[***]9dbd4c2a-[***]A3GZ4H/[***]83f0-[***]ba-[***]f0-[***]06-[***]b9193"}])
2025-03-27T03:48:33.963Z|info : amplify-provider-awscloudformation.aws-s3.s3.getFile([{"Key":"[***]ify-[***]json","Bucket":"[***]ify-[***]ama-[***]ev-[***]77-[***]ment"}])
2025-03-27T03:48:36.161Z|info : amplify-provider-awscloudformation.system-config-manager.getProfileConfig(["default"])
2025-03-27T03:48:36.162Z|info : amplify-provider-awscloudformation.system-config-manager.getProfiledAwsConfig.profileConfig([{"region":"ap-northeast-1"}])
2025-03-27T03:48:36.162Z|info : amplify-provider-awscloudformation.system-config-manager.getProfileCredentials(["default"])
2025-03-27T03:48:47.424Z|info : amplify-provider-awscloudformation.system-config-manager.getProfileConfig(["default"])
2025-03-27T03:48:47.424Z|info : amplify-provider-awscloudformation.system-config-manager.getProfiledAwsConfig.profileConfig([{"region":"ap-northeast-1"}])
2025-03-27T03:48:47.424Z|info : amplify-provider-awscloudformation.system-config-manager.getProfileCredentials(["default"])
2025-03-27T03:54:04.628Z|info : amplify configure core project 
2025-03-27T03:54:04.670Z|info : @aws-amplify/amplify-cli-core.banner-message/index.ts.fetch banner messages from https://aws-amplify.github.io/amplify-cli/banner-message.json({}
2025-03-27T03:58:16.170Z|info : amplify configure core project 
2025-03-27T03:58:16.210Z|info : @aws-amplify/amplify-cli-core.banner-message/index.ts.fetch banner messages from https://aws-amplify.github.io/amplify-cli/banner-message.json({}
2025-03-27T03:58:45.493Z|info : amplify configure core project 
2025-03-27T03:58:45.538Z|info : @aws-amplify/amplify-cli-core.banner-message/index.ts.fetch banner messages from https://aws-amplify.github.io/amplify-cli/banner-message.json({}
2025-03-27T03:59:56.563Z|info : amplify pull core  
2025-03-27T03:59:56.597Z|info : @aws-amplify/amplify-cli-core.banner-message/index.ts.fetch banner messages from https://aws-amplify.github.io/amplify-cli/banner-message.json({}
2025-03-27T03:59:57.863Z|info : amplify-provider-awscloudformation.system-config-manager.getProfileConfig(["default"])
2025-03-27T03:59:57.863Z|info : amplify-provider-awscloudformation.system-config-manager.getProfiledAwsConfig.profileConfig([{"region":"ap-northeast-1"}])
2025-03-27T03:59:57.864Z|info : amplify-provider-awscloudformation.system-config-manager.getProfileCredentials(["default"])
2025-03-27T03:59:58.942Z|info : amplify-provider-awscloudformation.system-config-manager.getProfileConfig(["default"])
2025-03-27T03:59:58.942Z|info : amplify-provider-awscloudformation.system-config-manager.getProfiledAwsConfig.profileConfig([{"region":"ap-northeast-1"}])
2025-03-27T03:59:58.942Z|info : amplify-provider-awscloudformation.system-config-manager.getProfileCredentials(["default"])
2025-03-27T03:59:58.946Z|info : amplify-provider-awscloudformation.zip-util.downloadZip.s3.getFile([{"Key":"[***]rent-[***]ud-[***]d.zip"},null])
2025-03-27T03:59:58.947Z|info : amplify-provider-awscloudformation.aws-s3.s3.getFile([{"Key":"[***]rent-[***]ud-[***]d.zip","Bucket":"[***]ify-[***]ama-[***]ev-[***]77-[***]ment"}])
2025-03-27T03:59:59.393Z|info : amplify-provider-awscloudformation.initialize-env.run.cfn.updateamplifyMetaFileWithStackOutputs([{"StackName":"[***]ify-[***]ama-[***]ev-[***]77"}])
2025-03-27T03:59:59.394Z|info : amplify-provider-awscloudformation.system-config-manager.getProfileConfig(["default"])
2025-03-27T03:59:59.394Z|info : amplify-provider-awscloudformation.system-config-manager.getProfiledAwsConfig.profileConfig([{"region":"ap-northeast-1"}])
2025-03-27T03:59:59.395Z|info : amplify-provider-awscloudformation.system-config-manager.getProfileCredentials(["default"])
2025-03-27T03:59:59.403Z|info : amplify-provider-awscloudformation.aws-cfn.updateamplifyMetaFileWithStackOutputs.cfn.listStackResources([{"StackName":"[***]ify-[***]ama-[***]ev-[***]77"}])
2025-03-27T03:59:59.591Z|info : amplify-provider-awscloudformation.aws-cfn.describeStack.cfn.describeStacks([{"StackName":"[***]ify-[***]ama-[***]ev-[***]77"}])
2025-03-27T03:59:59.721Z|info : amplify-provider-awscloudformation.aws-cfn.describeStack.cfn.describeStacks([{"StackName":"[***]rmation:ap-[***]east-[***]41:stack/[***]ify-[***]ama-[***]ev-[***]77-[***]yama-[***]S554IO/[***]aa00-[***]bc-[***]f0-[***]79-[***]4f7df"}])
2025-03-27T03:59:59.723Z|info : amplify-provider-awscloudformation.aws-cfn.describeStack.cfn.describeStacks([{"StackName":"[***]rmation:ap-[***]east-[***]41:stack/[***]ify-[***]ama-[***]ev-[***]77-[***]9dbd4c2a-[***]A3GZ4H/[***]83f0-[***]ba-[***]f0-[***]06-[***]b9193"}])
2025-03-27T03:59:59.886Z|info : amplify-provider-awscloudformation.aws-s3.s3.getFile([{"Key":"[***]ify-[***]json","Bucket":"[***]ify-[***]ama-[***]ev-[***]77-[***]ment"}])
2025-03-27T04:00:01.959Z|info : amplify-provider-awscloudformation.system-config-manager.getProfileConfig(["default"])
2025-03-27T04:00:01.960Z|info : amplify-provider-awscloudformation.system-config-manager.getProfiledAwsConfig.profileConfig([{"region":"ap-northeast-1"}])
2025-03-27T04:00:01.960Z|info : amplify-provider-awscloudformation.system-config-manager.getProfileCredentials(["default"])
2025-03-27T04:00:12.776Z|info : amplify-provider-awscloudformation.system-config-manager.getProfileConfig(["default"])
2025-03-27T04:00:12.776Z|info : amplify-provider-awscloudformation.system-config-manager.getProfiledAwsConfig.profileConfig([{"region":"ap-northeast-1"}])
2025-03-27T04:00:12.776Z|info : amplify-provider-awscloudformation.system-config-manager.getProfileCredentials(["default"])
2025-03-27T04:02:58.513Z|info : amplify status core  {"yes":false}
2025-03-27T04:02:58.552Z|info : @aws-amplify/amplify-cli-core.banner-message/index.ts.fetch banner messages from https://aws-amplify.github.io/amplify-cli/banner-message.json({}
2025-03-27T04:03:00.716Z|info : amplify-provider-awscloudformation.display-helpful-urls.showCognitoSandBoxMessage(["potyama9dbd4c2a"])
2025-03-27T04:05:19.020Z|info : amplify status core  {"yes":false}
2025-03-27T04:05:19.059Z|info : @aws-amplify/amplify-cli-core.banner-message/index.ts.fetch banner messages from https://aws-amplify.github.io/amplify-cli/banner-message.json({}
2025-03-27T04:05:21.106Z|info : amplify-provider-awscloudformation.display-helpful-urls.showCognitoSandBoxMessage(["potyama9dbd4c2a"])
2025-03-27T04:07:51.842Z|info : amplify console core  
2025-03-27T04:07:51.881Z|info : @aws-amplify/amplify-cli-core.banner-message/index.ts.fetch banner messages from https://aws-amplify.github.io/amplify-cli/banner-message.json({}
2025-03-27T04:09:47.805Z|info : amplify console core  
2025-03-27T04:09:47.846Z|info : @aws-amplify/amplify-cli-core.banner-message/index.ts.fetch banner messages from https://aws-amplify.github.io/amplify-cli/banner-message.json({}
2025-03-27T04:09:54.434Z|error : 
UnknownFault
2025-03-27T04:10:27.998Z|info : amplify console core  
2025-03-27T04:10:28.037Z|info : @aws-amplify/amplify-cli-core.banner-message/index.ts.fetch banner messages from https://aws-amplify.github.io/amplify-cli/banner-message.json({}
2025-03-27T04:12:39.109Z|info : amplify pull core  {"appId":"[***]v5ab41","envName":"[***]ev","yes":false}
2025-03-27T04:12:39.143Z|info : @aws-amplify/amplify-cli-core.banner-message/index.ts.fetch banner messages from https://aws-amplify.github.io/amplify-cli/banner-message.json({}
2025-03-27T04:12:40.506Z|error : Creating a nested amplify project is not supported
NestedProjectInitError: Creating a nested amplify project is not supported
